#
# There is insufficient memory for the Java Runtime Environment to continue.
# Native memory allocation (malloc) failed to allocate 32744 bytes for ChunkPool::allocate
# Possible reasons:
#   The system is out of physical RAM or swap space
#   In 32 bit mode, the process size limit was hit
# Possible solutions:
#   Reduce memory load on the system
#   Increase physical memory or swap space
#   Check if swap backing store is full
#   Use 64 bit Java on a 64 bit OS
#   Decrease Java heap size (-Xmx/-Xms)
#   Decrease number of Java threads
#   Decrease Java thread stack sizes (-Xss)
#   Set larger code cache with -XX:ReservedCodeCacheSize=
# This output file may be truncated or incomplete.
#
#  Out of Memory Error (allocation.cpp:273), pid=29752, tid=0x000000000000775c
#
# JRE version: Java(TM) SE Runtime Environment (8.0_131-b11) (build 1.8.0_131-b11)
# Java VM: Java HotSpot(TM) 64-Bit Server VM (25.131-b11 mixed mode windows-amd64 compressed oops)
# Failed to write core dump. Minidumps are not enabled by default on client versions of Windows
#

---------------  T H R E A D  ---------------

Current thread (0x000000001de9f000):  JavaThread "C2 CompilerThread1" daemon [_thread_in_native, id=30556, stack(0x000000001e760000,0x000000001e860000)]

Stack: [0x000000001e760000,0x000000001e860000]
[error occurred during error reporting (printing stack bounds), id 0xc0000005]

Native frames: (J=compiled Java code, j=interpreted, Vv=VM code, C=native code)


Current CompileTask:
C2:    224  191       4       jdk.internal.org.objectweb.asm.ByteVector::putUTF8 (142 bytes)


---------------  P R O C E S S  ---------------

Java Threads: ( => current thread )
  0x000000001df3f800 JavaThread "Service Thread" daemon [_thread_blocked, id=30572, stack(0x000000001ea60000,0x000000001eb60000)]
  0x000000001deaf000 JavaThread "C1 CompilerThread3" daemon [_thread_in_native, id=30564, stack(0x000000001e960000,0x000000001ea60000)]
  0x000000001deaa000 JavaThread "C2 CompilerThread2" daemon [_thread_blocked, id=30560, stack(0x000000001e860000,0x000000001e960000)]
=>0x000000001de9f000 JavaThread "C2 CompilerThread1" daemon [_thread_in_native, id=30556, stack(0x000000001e760000,0x000000001e860000)]
  0x000000001de9b800 JavaThread "C2 CompilerThread0" daemon [_thread_blocked, id=30552, stack(0x000000001e660000,0x000000001e760000)]
  0x000000001de99800 JavaThread "Attach Listener" daemon [_thread_blocked, id=30548, stack(0x000000001e560000,0x000000001e660000)]
  0x000000001dea5800 JavaThread "Signal Dispatcher" daemon [_thread_blocked, id=30544, stack(0x000000001e460000,0x000000001e560000)]
  0x000000001de90800 JavaThread "Finalizer" daemon [_thread_blocked, id=30484, stack(0x000000001e270000,0x000000001e370000)]
  0x000000001bf7d000 JavaThread "Reference Handler" daemon [_thread_blocked, id=30480, stack(0x000000001dd70000,0x000000001de70000)]
  0x00000000024e1000 JavaThread "main" [_thread_in_vm, id=30380, stack(0x0000000002360000,0x0000000002460000)]

Other Threads:
  0x000000001bf79000 VMThread [stack: 0x000000001dc70000,0x000000001dd70000] [id=30468]
  0x000000001df59000 WatcherThread [stack: 0x000000001eb60000,0x000000001ec60000] [id=30576]

VM state:not at safepoint (normal execution)

VM Mutex/Monitor currently owned by a thread: None

Heap:
 PSYoungGen      total 75776K, used 3901K [0x000000076b800000, 0x0000000770c80000, 0x00000007c0000000)
  eden space 65024K, 6% used [0x000000076b800000,0x000000076bbcf608,0x000000076f780000)
  from space 10752K, 0% used [0x0000000770200000,0x0000000770200000,0x0000000770c80000)
  to   space 10752K, 0% used [0x000000076f780000,0x000000076f780000,0x0000000770200000)
 ParOldGen       total 173568K, used 0K [0x00000006c2800000, 0x00000006cd180000, 0x000000076b800000)
  object space 173568K, 0% used [0x00000006c2800000,0x00000006c2800000,0x00000006cd180000)
 Metaspace       used 3818K, capacity 4716K, committed 4864K, reserved 1056768K
  class space    used 427K, capacity 488K, committed 512K, reserved 1048576K

Card table byte_map: [0x00000000119a0000,0x0000000012190000] byte_map_base: 0x000000000e38c000

Marking Bits: (ParMarkBitMap*) 0x000000005714c720
 Begin Bits: [0x0000000012ee0000, 0x0000000016e40000)
 End Bits:   [0x0000000016e40000, 0x000000001ada0000)

Polling page: 0x0000000002310000

CodeCache: size=245760Kb used=1354Kb max_used=1354Kb free=244405Kb
 bounds [0x00000000025e0000, 0x0000000002850000, 0x00000000115e0000]
 total_blobs=441 nmethods=186 adapters=168
 compilation: enabled

Compilation events (10 events):
Event: 0.215 Thread 0x000000001deaf000  171       3       jdk.internal.org.objectweb.asm.Type::getArgumentsAndReturnSizes (151 bytes)
Event: 0.216 Thread 0x000000001deaf000 nmethod 171 0x000000000272bdd0 code [0x000000000272c000, 0x000000000272cd98]
Event: 0.216 Thread 0x000000001deaf000  172       3       java.lang.invoke.InvokerBytecodeGenerator::isStaticallyNameable (116 bytes)
Event: 0.218 Thread 0x000000001deaf000 nmethod 172 0x000000000272d8d0 code [0x000000000272dc40, 0x000000000272fd78]
Event: 0.218 Thread 0x000000001deaf000  180       3       jdk.internal.org.objectweb.asm.Type::getType (269 bytes)
Event: 0.219 Thread 0x000000001deaf000 nmethod 180 0x0000000002731190 code [0x0000000002731380, 0x0000000002731c70]
Event: 0.219 Thread 0x000000001deaf000  182       3       java.util.Arrays$ArrayList::get (7 bytes)
Event: 0.219 Thread 0x000000001deaf000 nmethod 182 0x0000000002732050 code [0x00000000027321a0, 0x0000000002732330]
Event: 0.219 Thread 0x000000001deaf000  175       3       jdk.internal.org.objectweb.asm.Frame::execute (2252 bytes)
Event: 0.220 Thread 0x000000001de9f000  191       4       jdk.internal.org.objectweb.asm.ByteVector::putUTF8 (142 bytes)

GC Heap History (0 events):
No events

Deoptimization events (0 events):
No events

Internal exceptions (4 events):
Event: 0.050 Thread 0x00000000024e1000 Exception <a 'java/lang/NoSuchMethodError': Method sun.misc.Unsafe.defineClass(Ljava/lang/String;[BII)Ljava/lang/Class; name or signature does not match> (0x000000076b807ca8) thrown at [C:\re\workspace\8-2-build-windows-amd64-cygwin\jdk8u131\8869\hotspot\
Event: 0.050 Thread 0x00000000024e1000 Exception <a 'java/lang/NoSuchMethodError': Method sun.misc.Unsafe.prefetchRead(Ljava/lang/Object;J)V name or signature does not match> (0x000000076b807f90) thrown at [C:\re\workspace\8-2-build-windows-amd64-cygwin\jdk8u131\8869\hotspot\src\share\vm\prims
Event: 0.219 Thread 0x00000000024e1000 Exception <a 'java/lang/NoSuchFieldError': method resolution failed> (0x000000076bad4080) thrown at [C:\re\workspace\8-2-build-windows-amd64-cygwin\jdk8u131\8869\hotspot\src\share\vm\prims\methodHandles.cpp, line 1146]
Event: 0.221 Thread 0x00000000024e1000 Exception <a 'java/lang/NoSuchFieldError': method resolution failed> (0x000000076bae1400) thrown at [C:\re\workspace\8-2-build-windows-amd64-cygwin\jdk8u131\8869\hotspot\src\share\vm\prims\methodHandles.cpp, line 1146]

Events (10 events):
Event: 0.199 loading class java/lang/invoke/DelegatingMethodHandle done
Event: 0.199 loading class java/lang/invoke/MethodHandleImpl$AsVarargsCollector done
Event: 0.200 loading class java/lang/invoke/WrongMethodTypeException
Event: 0.200 loading class java/lang/invoke/WrongMethodTypeException done
Event: 0.202 loading class java/lang/invoke/MethodHandleImpl$Lazy
Event: 0.202 loading class java/lang/invoke/MethodHandleImpl$Lazy done
Event: 0.202 loading class java/lang/invoke/MethodHandleImpl$IntrinsicMethodHandle
Event: 0.202 loading class java/lang/invoke/MethodHandleImpl$IntrinsicMethodHandle done
Event: 0.219 loading class java/lang/NoSuchFieldError
Event: 0.219 loading class java/lang/NoSuchFieldError done


Dynamic libraries:
0x00007ff7affc0000 - 0x00007ff7afff7000 	C:\Program Files\Java\jdk1.8.0_131\bin\javaw.exe
0x00007ff8e0ee0000 - 0x00007ff8e10bb000 	C:\WINDOWS\SYSTEM32\ntdll.dll
0x00007ff8debf0000 - 0x00007ff8dec9e000 	C:\WINDOWS\System32\KERNEL32.DLL
0x00007ff8ddd70000 - 0x00007ff8ddfb9000 	C:\WINDOWS\System32\KERNELBASE.dll
0x00007ff8e0e30000 - 0x00007ff8e0ed1000 	C:\WINDOWS\System32\ADVAPI32.dll
0x00007ff8ded70000 - 0x00007ff8dee0d000 	C:\WINDOWS\System32\msvcrt.dll
0x00007ff8e0dd0000 - 0x00007ff8e0e29000 	C:\WINDOWS\System32\sechost.dll
0x00007ff8e0b70000 - 0x00007ff8e0c95000 	C:\WINDOWS\System32\RPCRT4.dll
0x00007ff8dea20000 - 0x00007ff8deb6a000 	C:\WINDOWS\System32\USER32.dll
0x00007ff8de2d0000 - 0x00007ff8de2ee000 	C:\WINDOWS\System32\win32u.dll
0x00007ff8e0d40000 - 0x00007ff8e0d67000 	C:\WINDOWS\System32\GDI32.dll
0x00007ff8ddfc0000 - 0x00007ff8de148000 	C:\WINDOWS\System32\gdi32full.dll
0x00007ff8dd400000 - 0x00007ff8dd49a000 	C:\WINDOWS\System32\msvcp_win.dll
0x00007ff8de340000 - 0x00007ff8de436000 	C:\WINDOWS\System32\ucrtbase.dll
0x00007ff8c3e30000 - 0x00007ff8c4097000 	C:\WINDOWS\WinSxS\amd64_microsoft.windows.common-controls_6595b64144ccf1df_6.0.15063.483_none_26002d27e7c744a2\COMCTL32.dll
0x00007ff8de5c0000 - 0x00007ff8de8b9000 	C:\WINDOWS\System32\combase.dll
0x00007ff8de260000 - 0x00007ff8de2ca000 	C:\WINDOWS\System32\bcryptPrimitives.dll
0x00007ff8e0d10000 - 0x00007ff8e0d3d000 	C:\WINDOWS\System32\IMM32.DLL
0x00000000586f0000 - 0x00000000587c2000 	C:\Program Files\Java\jdk1.8.0_131\jre\bin\msvcr100.dll
0x0000000056930000 - 0x00000000571cc000 	C:\Program Files\Java\jdk1.8.0_131\jre\bin\server\jvm.dll
0x00007ff8de8c0000 - 0x00007ff8de8c8000 	C:\WINDOWS\System32\PSAPI.DLL
0x00007ff8c9b10000 - 0x00007ff8c9b19000 	C:\WINDOWS\SYSTEM32\WSOCK32.dll
0x00007ff8e0ca0000 - 0x00007ff8e0d0c000 	C:\WINDOWS\System32\WS2_32.dll
0x00007ff8d0ca0000 - 0x00007ff8d0cc3000 	C:\WINDOWS\SYSTEM32\WINMM.dll
0x00007ff8d7e30000 - 0x00007ff8d7e3a000 	C:\WINDOWS\SYSTEM32\VERSION.dll
0x00007ff8d0b20000 - 0x00007ff8d0b4b000 	C:\WINDOWS\SYSTEM32\WINMMBASE.dll
0x00007ff8de2f0000 - 0x00007ff8de339000 	C:\WINDOWS\System32\cfgmgr32.dll
0x00000000586e0000 - 0x00000000586ef000 	C:\Program Files\Java\jdk1.8.0_131\jre\bin\verify.dll
0x00000000586b0000 - 0x00000000586d9000 	C:\Program Files\Java\jdk1.8.0_131\jre\bin\java.dll
0x0000000058690000 - 0x00000000586a6000 	C:\Program Files\Java\jdk1.8.0_131\jre\bin\zip.dll
0x00007ff8dee10000 - 0x00007ff8e0247000 	C:\WINDOWS\System32\SHELL32.dll
0x00007ff8deca0000 - 0x00007ff8ded4a000 	C:\WINDOWS\System32\shcore.dll
0x00007ff8dd670000 - 0x00007ff8ddd63000 	C:\WINDOWS\System32\windows.storage.dll
0x00007ff8e0600000 - 0x00007ff8e0651000 	C:\WINDOWS\System32\shlwapi.dll
0x00007ff8dd3c0000 - 0x00007ff8dd3d1000 	C:\WINDOWS\System32\kernel.appcore.dll
0x00007ff8dd350000 - 0x00007ff8dd39c000 	C:\WINDOWS\System32\powrprof.dll
0x00007ff8dd3a0000 - 0x00007ff8dd3b5000 	C:\WINDOWS\System32\profapi.dll

VM Arguments:
java_command: C:\Heiki\pomodoro\out\artifacts\Pomodoro_jar\Pomodoro.jar
java_class_path (initial): C:\Heiki\pomodoro\out\artifacts\Pomodoro_jar\Pomodoro.jar
Launcher Type: SUN_STANDARD

Environment Variables:
JAVA_HOME=C:\Program Files\Java\jdk1.8.0_131
CLASSPATH=.;
PATH=C:\Python36\Scripts\;C:\Python36\;C:\WINDOWS\system32;C:\WINDOWS;C:\WINDOWS\System32\Wbem;C:\WINDOWS\System32\WindowsPowerShell\v1.0\;C:\ProgramData\chocolatey\bin;C:\Program Files\Java\jdk1.8.0_131\bin;C:\Program Files\Git\cmd;C:\Program Files\nodejs\;C:\Program Files (x86)\Skype\Phone\;C:\Users\kasutaja\AppData\Local\Microsoft\WindowsApps;C:\Users\kasutaja\AppData\Roaming\npm;
USERNAME=kasutaja
OS=Windows_NT
PROCESSOR_IDENTIFIER=Intel64 Family 6 Model 158 Stepping 9, GenuineIntel



---------------  S Y S T E M  ---------------

OS: Windows 10.0 , 64 bit Build 15063 (10.0.15063.296)

CPU:total 8 (initial active 8) (4 cores per cpu, 2 threads per core) family 6 model 158 stepping 9, cmov, cx8, fxsr, mmx, sse, sse2, sse3, ssse3, sse4.1, sse4.2, popcnt, avx, avx2, aes, clmul, erms, 3dnowpref, lzcnt, ht, tsc, tscinvbit, bmi1, bmi2, adx

Memory: 4k page, physical 16609868k(2712392k free), swap 66941516k(5520k free)

vm_info: Java HotSpot(TM) 64-Bit Server VM (25.131-b11) for windows-amd64 JRE (1.8.0_131-b11), built on Mar 15 2017 01:23:53 by "java_re" with MS VC++ 10.0 (VS2010)

time: Wed Aug 16 08:04:02 2017
elapsed time: 0 seconds (0d 0h 0m 0s)

