#
# There is insufficient memory for the Java Runtime Environment to continue.
# Native memory allocation (malloc) failed to allocate 32744 bytes for ChunkPool::allocate
# Possible reasons:
#   The system is out of physical RAM or swap space
#   In 32 bit mode, the process size limit was hit
# Possible solutions:
#   Reduce memory load on the system
#   Increase physical memory or swap space
#   Check if swap backing store is full
#   Use 64 bit Java on a 64 bit OS
#   Decrease Java heap size (-Xmx/-Xms)
#   Decrease number of Java threads
#   Decrease Java thread stack sizes (-Xss)
#   Set larger code cache with -XX:ReservedCodeCacheSize=
# This output file may be truncated or incomplete.
#
#  Out of Memory Error (allocation.cpp:273), pid=26348, tid=0x00000000000067e0
#
# JRE version: Java(TM) SE Runtime Environment (8.0_131-b11) (build 1.8.0_131-b11)
# Java VM: Java HotSpot(TM) 64-Bit Server VM (25.131-b11 mixed mode windows-amd64 compressed oops)
# Failed to write core dump. Minidumps are not enabled by default on client versions of Windows
#

---------------  T H R E A D  ---------------

Current thread (0x000000001c97e800):  JavaThread "C2 CompilerThread1" daemon [_thread_in_native, id=26592, stack(0x000000001f130000,0x000000001f230000)]

Stack: [0x000000001f130000,0x000000001f230000]
[error occurred during error reporting (printing stack bounds), id 0xc0000005]

Native frames: (J=compiled Java code, j=interpreted, Vv=VM code, C=native code)


Current CompileTask:
C2:  10495 1103       4       java.io.FilterInputStream::read (8 bytes)


---------------  P R O C E S S  ---------------

Java Threads: ( => current thread )
  0x000000001f92d000 JavaThread "Prism Font Disposer" daemon [_thread_blocked, id=30164, stack(0x0000000026950000,0x0000000026a50000)]
  0x000000001f716000 JavaThread "Thread-3" daemon [_thread_in_native, id=27636, stack(0x0000000024910000,0x0000000024a10000)]
  0x000000001f71e000 JavaThread "JavaFX-Launcher" [_thread_blocked, id=27644, stack(0x0000000024a10000,0x0000000024b10000)]
  0x000000001f6a9800 JavaThread "JavaFX Application Thread" [_thread_in_vm, id=27496, stack(0x0000000020380000,0x0000000020480000)]
  0x000000001f692800 JavaThread "Thread-1" daemon [_thread_blocked, id=27488, stack(0x0000000020280000,0x0000000020380000)]
  0x000000001f65d000 JavaThread "QuantumRenderer-0" daemon [_thread_blocked, id=27092, stack(0x000000001fe30000,0x000000001ff30000)]
  0x000000001e8d4000 JavaThread "Service Thread" daemon [_thread_blocked, id=26300, stack(0x000000001f430000,0x000000001f530000)]
  0x000000001e8cc800 JavaThread "C1 CompilerThread3" daemon [_thread_blocked, id=8824, stack(0x000000001f330000,0x000000001f430000)]
  0x000000001e8ca800 JavaThread "C2 CompilerThread2" daemon [_thread_blocked, id=26608, stack(0x000000001f230000,0x000000001f330000)]
=>0x000000001c97e800 JavaThread "C2 CompilerThread1" daemon [_thread_in_native, id=26592, stack(0x000000001f130000,0x000000001f230000)]
  0x000000001e86b000 JavaThread "C2 CompilerThread0" daemon [_thread_blocked, id=26564, stack(0x000000001f030000,0x000000001f130000)]
  0x000000001e869800 JavaThread "Attach Listener" daemon [_thread_blocked, id=26560, stack(0x000000001ef30000,0x000000001f030000)]
  0x000000001e875800 JavaThread "Signal Dispatcher" daemon [_thread_blocked, id=26556, stack(0x000000001ee30000,0x000000001ef30000)]
  0x000000001e860800 JavaThread "Finalizer" daemon [_thread_blocked, id=26516, stack(0x000000001ec40000,0x000000001ed40000)]
  0x000000001c96d000 JavaThread "Reference Handler" daemon [_thread_blocked, id=26512, stack(0x000000001e740000,0x000000001e840000)]
  0x0000000002ed1000 JavaThread "main" [_thread_blocked, id=26428, stack(0x0000000002d50000,0x0000000002e50000)]

Other Threads:
  0x000000001c969000 VMThread [stack: 0x000000001e640000,0x000000001e740000] [id=26488]
  0x000000001e8e5800 WatcherThread [stack: 0x000000001f530000,0x000000001f630000] [id=11216]

VM state:not at safepoint (normal execution)

VM Mutex/Monitor currently owned by a thread: None

Heap:
 PSYoungGen      total 75776K, used 32984K [0x000000076b800000, 0x0000000770c80000, 0x00000007c0000000)
  eden space 65024K, 50% used [0x000000076b800000,0x000000076d836000,0x000000076f780000)
  from space 10752K, 0% used [0x0000000770200000,0x0000000770200000,0x0000000770c80000)
  to   space 10752K, 0% used [0x000000076f780000,0x000000076f780000,0x0000000770200000)
 ParOldGen       total 173568K, used 0K [0x00000006c2800000, 0x00000006cd180000, 0x000000076b800000)
  object space 173568K, 0% used [0x00000006c2800000,0x00000006c2800000,0x00000006cd180000)
 Metaspace       used 15934K, capacity 16628K, committed 16896K, reserved 1062912K
  class space    used 2324K, capacity 2489K, committed 2560K, reserved 1048576K

Card table byte_map: [0x0000000012390000,0x0000000012b80000] byte_map_base: 0x000000000ed7c000

Marking Bits: (ParMarkBitMap*) 0x000000005714c720
 Begin Bits: [0x00000000138d0000, 0x0000000017830000)
 End Bits:   [0x0000000017830000, 0x000000001b790000)

Polling page: 0x0000000001320000

CodeCache: size=245760Kb used=3975Kb max_used=3975Kb free=241784Kb
 bounds [0x0000000002fd0000, 0x00000000033c0000, 0x0000000011fd0000]
 total_blobs=1707 nmethods=1102 adapters=518
 compilation: enabled

Compilation events (10 events):
Event: 8.977 Thread 0x000000001e8cc800 nmethod 1095 0x00000000033afb90 code [0x00000000033afe20, 0x00000000033b1588]
Event: 9.436 Thread 0x000000001e8cc800 1096       3       java.lang.invoke.MethodHandles$Lookup::checkSymbolicClass (42 bytes)
Event: 9.437 Thread 0x000000001e8cc800 nmethod 1096 0x00000000033b1e90 code [0x00000000033b20c0, 0x00000000033b2b98]
Event: 9.489 Thread 0x000000001e8cc800 1097       3       java.util.concurrent.atomic.AtomicBoolean::compareAndSet (35 bytes)
Event: 9.489 Thread 0x000000001e8cc800 nmethod 1097 0x00000000033b3090 code [0x00000000033b31e0, 0x00000000033b3410]
Event: 9.790 Thread 0x000000001e8cc800 1101       3       java.lang.Byte::valueOf (10 bytes)
Event: 9.791 Thread 0x000000001e8cc800 nmethod 1101 0x00000000033b3490 code [0x00000000033b35e0, 0x00000000033b3750]
Event: 9.791 Thread 0x000000001e8cc800 1102       3       java.lang.invoke.MethodHandleNatives::refKindHasReceiver (33 bytes)
Event: 9.791 Thread 0x000000001e8cc800 nmethod 1102 0x00000000033b3850 code [0x00000000033b39a0, 0x00000000033b3b50]
Event: 10.493 Thread 0x000000001c97e800 1103       4       java.io.FilterInputStream::read (8 bytes)

GC Heap History (0 events):
No events

Deoptimization events (10 events):
Event: 7.197 Thread 0x000000001f6a9800 Uncommon trap: reason=class_check action=maybe_recompile pc=0x00000000030f1f0c method=java.lang.String.equals(Ljava/lang/Object;)Z @ 8
Event: 7.197 Thread 0x000000001f6a9800 Uncommon trap: reason=class_check action=maybe_recompile pc=0x00000000030f1f0c method=java.lang.String.equals(Ljava/lang/Object;)Z @ 8
Event: 7.197 Thread 0x000000001f6a9800 Uncommon trap: reason=class_check action=maybe_recompile pc=0x00000000030f1f0c method=java.lang.String.equals(Ljava/lang/Object;)Z @ 8
Event: 7.198 Thread 0x000000001f6a9800 Uncommon trap: reason=class_check action=maybe_recompile pc=0x00000000030f1f0c method=java.lang.String.equals(Ljava/lang/Object;)Z @ 8
Event: 7.959 Thread 0x000000001f6a9800 Uncommon trap: reason=unstable_if action=reinterpret pc=0x00000000032d40b0 method=java.util.HashMap.hash(Ljava/lang/Object;)I @ 1
Event: 8.010 Thread 0x000000001f6a9800 Uncommon trap: reason=unstable_if action=reinterpret pc=0x000000000324bf28 method=java.util.HashMap.hash(Ljava/lang/Object;)I @ 1
Event: 10.491 Thread 0x000000001f6a9800 Uncommon trap: reason=class_check action=maybe_recompile pc=0x00000000033a8430 method=java.io.FilterInputStream.read()I @ 4
Event: 10.491 Thread 0x000000001f6a9800 Uncommon trap: reason=class_check action=maybe_recompile pc=0x00000000033a8430 method=java.io.FilterInputStream.read()I @ 4
Event: 10.491 Thread 0x000000001f6a9800 Uncommon trap: reason=class_check action=maybe_recompile pc=0x00000000033a8430 method=java.io.FilterInputStream.read()I @ 4
Event: 10.493 Thread 0x000000001f6a9800 Uncommon trap: reason=class_check action=maybe_recompile pc=0x00000000033a8430 method=java.io.FilterInputStream.read()I @ 4

Internal exceptions (10 events):
Event: 0.454 Thread 0x0000000002ed1000 Exception <a 'java/security/PrivilegedActionException'> (0x000000076bb704e8) thrown at [C:\re\workspace\8-2-build-windows-amd64-cygwin\jdk8u131\8869\hotspot\src\share\vm\prims\jvm.cpp, line 1390]
Event: 0.454 Thread 0x0000000002ed1000 Exception <a 'java/lang/NullPointerException'> (0x000000076bb70ac0) thrown at [C:\re\workspace\8-2-build-windows-amd64-cygwin\jdk8u131\8869\hotspot\src\share\vm\interpreter\linkResolver.cpp, line 1197]
Event: 1.377 Thread 0x000000001f6a9800 Exception <a 'java/lang/NullPointerException'> (0x000000076c809ba8) thrown at [C:\re\workspace\8-2-build-windows-amd64-cygwin\jdk8u131\8869\hotspot\src\share\vm\interpreter\linkResolver.cpp, line 1197]
Event: 1.377 Thread 0x000000001f6a9800 Exception <a 'java/lang/NullPointerException'> (0x000000076c809ba8) thrown at [C:\re\workspace\8-2-build-windows-amd64-cygwin\jdk8u131\8869\hotspot\src\share\vm\prims\jvm.cpp, line 1394]
Event: 2.136 Thread 0x000000001f6a9800 Exception <a 'java/lang/ArrayIndexOutOfBoundsException'> (0x000000076ccb6a70) thrown at [C:\re\workspace\8-2-build-windows-amd64-cygwin\jdk8u131\8869\hotspot\src\share\vm\runtime\sharedRuntime.cpp, line 605]
Event: 2.137 Thread 0x000000001f6a9800 Exception <a 'java/lang/ArrayIndexOutOfBoundsException'> (0x000000076ccb7770) thrown at [C:\re\workspace\8-2-build-windows-amd64-cygwin\jdk8u131\8869\hotspot\src\share\vm\runtime\sharedRuntime.cpp, line 605]
Event: 2.137 Thread 0x000000001f6a9800 Exception <a 'java/lang/ArrayIndexOutOfBoundsException'> (0x000000076ccb8b18) thrown at [C:\re\workspace\8-2-build-windows-amd64-cygwin\jdk8u131\8869\hotspot\src\share\vm\runtime\sharedRuntime.cpp, line 605]
Event: 2.259 Thread 0x000000001f6a9800 Exception <a 'java/lang/ArrayIndexOutOfBoundsException'> (0x000000076cd967d8) thrown at [C:\re\workspace\8-2-build-windows-amd64-cygwin\jdk8u131\8869\hotspot\src\share\vm\runtime\sharedRuntime.cpp, line 605]
Event: 7.959 Thread 0x000000001f6a9800 Implicit null exception at 0x00000000032d3e75 to 0x00000000032d40a1
Event: 8.010 Thread 0x000000001f6a9800 Implicit null exception at 0x000000000324beaf to 0x000000000324bf19

Events (10 events):
Event: 10.491 Thread 0x000000001f6a9800 DEOPT UNPACKING pc=0x000000000301582a sp=0x000000002047d718 mode 2
Event: 10.491 Thread 0x000000001f6a9800 Uncommon trap: trap_request=0xffffffde fr.pc=0x00000000033a8430
Event: 10.491 Thread 0x000000001f6a9800 DEOPT PACKING pc=0x00000000033a8430 sp=0x000000002047d750
Event: 10.491 Thread 0x000000001f6a9800 DEOPT UNPACKING pc=0x000000000301582a sp=0x000000002047d718 mode 2
Event: 10.491 Thread 0x000000001f6a9800 Uncommon trap: trap_request=0xffffffde fr.pc=0x00000000033a8430
Event: 10.491 Thread 0x000000001f6a9800 DEOPT PACKING pc=0x00000000033a8430 sp=0x000000002047d750
Event: 10.491 Thread 0x000000001f6a9800 DEOPT UNPACKING pc=0x000000000301582a sp=0x000000002047d718 mode 2
Event: 10.493 Thread 0x000000001f6a9800 Uncommon trap: trap_request=0xffffffde fr.pc=0x00000000033a8430
Event: 10.493 Thread 0x000000001f6a9800 DEOPT PACKING pc=0x00000000033a8430 sp=0x000000002047d750
Event: 10.493 Thread 0x000000001f6a9800 DEOPT UNPACKING pc=0x000000000301582a sp=0x000000002047d718 mode 2


Dynamic libraries:
0x00007ff7affc0000 - 0x00007ff7afff7000 	C:\Program Files\Java\jdk1.8.0_131\bin\javaw.exe
0x00007ff8e0ee0000 - 0x00007ff8e10bb000 	C:\WINDOWS\SYSTEM32\ntdll.dll
0x00007ff8debf0000 - 0x00007ff8dec9e000 	C:\WINDOWS\System32\KERNEL32.DLL
0x00007ff8ddd70000 - 0x00007ff8ddfb9000 	C:\WINDOWS\System32\KERNELBASE.dll
0x00007ff8e0e30000 - 0x00007ff8e0ed1000 	C:\WINDOWS\System32\ADVAPI32.dll
0x00007ff8ded70000 - 0x00007ff8dee0d000 	C:\WINDOWS\System32\msvcrt.dll
0x00007ff8e0dd0000 - 0x00007ff8e0e29000 	C:\WINDOWS\System32\sechost.dll
0x00007ff8e0b70000 - 0x00007ff8e0c95000 	C:\WINDOWS\System32\RPCRT4.dll
0x00007ff8dea20000 - 0x00007ff8deb6a000 	C:\WINDOWS\System32\USER32.dll
0x00007ff8de2d0000 - 0x00007ff8de2ee000 	C:\WINDOWS\System32\win32u.dll
0x00007ff8e0d40000 - 0x00007ff8e0d67000 	C:\WINDOWS\System32\GDI32.dll
0x00007ff8ddfc0000 - 0x00007ff8de148000 	C:\WINDOWS\System32\gdi32full.dll
0x00007ff8dd400000 - 0x00007ff8dd49a000 	C:\WINDOWS\System32\msvcp_win.dll
0x00007ff8de340000 - 0x00007ff8de436000 	C:\WINDOWS\System32\ucrtbase.dll
0x00007ff8c3e30000 - 0x00007ff8c4097000 	C:\WINDOWS\WinSxS\amd64_microsoft.windows.common-controls_6595b64144ccf1df_6.0.15063.483_none_26002d27e7c744a2\COMCTL32.dll
0x00007ff8de5c0000 - 0x00007ff8de8b9000 	C:\WINDOWS\System32\combase.dll
0x00007ff8de260000 - 0x00007ff8de2ca000 	C:\WINDOWS\System32\bcryptPrimitives.dll
0x00007ff8e0d10000 - 0x00007ff8e0d3d000 	C:\WINDOWS\System32\IMM32.DLL
0x00000000586f0000 - 0x00000000587c2000 	C:\Program Files\Java\jdk1.8.0_131\jre\bin\msvcr100.dll
0x0000000056930000 - 0x00000000571cc000 	C:\Program Files\Java\jdk1.8.0_131\jre\bin\server\jvm.dll
0x00007ff8de8c0000 - 0x00007ff8de8c8000 	C:\WINDOWS\System32\PSAPI.DLL
0x00007ff8c9b10000 - 0x00007ff8c9b19000 	C:\WINDOWS\SYSTEM32\WSOCK32.dll
0x00007ff8e0ca0000 - 0x00007ff8e0d0c000 	C:\WINDOWS\System32\WS2_32.dll
0x00007ff8d0ca0000 - 0x00007ff8d0cc3000 	C:\WINDOWS\SYSTEM32\WINMM.dll
0x00007ff8d7e30000 - 0x00007ff8d7e3a000 	C:\WINDOWS\SYSTEM32\VERSION.dll
0x00007ff8d0b20000 - 0x00007ff8d0b4b000 	C:\WINDOWS\SYSTEM32\WINMMBASE.dll
0x00007ff8de2f0000 - 0x00007ff8de339000 	C:\WINDOWS\System32\cfgmgr32.dll
0x00000000586e0000 - 0x00000000586ef000 	C:\Program Files\Java\jdk1.8.0_131\jre\bin\verify.dll
0x00000000586b0000 - 0x00000000586d9000 	C:\Program Files\Java\jdk1.8.0_131\jre\bin\java.dll
0x0000000058690000 - 0x00000000586a6000 	C:\Program Files\Java\jdk1.8.0_131\jre\bin\zip.dll
0x00007ff8dee10000 - 0x00007ff8e0247000 	C:\WINDOWS\System32\SHELL32.dll
0x00007ff8deca0000 - 0x00007ff8ded4a000 	C:\WINDOWS\System32\shcore.dll
0x00007ff8dd670000 - 0x00007ff8ddd63000 	C:\WINDOWS\System32\windows.storage.dll
0x00007ff8e0600000 - 0x00007ff8e0651000 	C:\WINDOWS\System32\shlwapi.dll
0x00007ff8dd3c0000 - 0x00007ff8dd3d1000 	C:\WINDOWS\System32\kernel.appcore.dll
0x00007ff8dd350000 - 0x00007ff8dd39c000 	C:\WINDOWS\System32\powrprof.dll
0x00007ff8dd3a0000 - 0x00007ff8dd3b5000 	C:\WINDOWS\System32\profapi.dll
0x00007ff8c1840000 - 0x00007ff8c192f000 	C:\Program Files\Java\jdk1.8.0_131\jre\bin\msvcr120.dll
0x00007ff8c1b60000 - 0x00007ff8c1c06000 	C:\Program Files\Java\jdk1.8.0_131\jre\bin\msvcp120.dll
0x0000000058660000 - 0x0000000058682000 	C:\Program Files\Java\jdk1.8.0_131\jre\bin\prism_d3d.dll
0x00007ff8b7900000 - 0x00007ff8b7a89000 	C:\WINDOWS\system32\d3d9.dll
0x00007ff8c1950000 - 0x00007ff8c197a000 	C:\WINDOWS\SYSTEM32\dwmapi.dll
0x00007ff8dbb70000 - 0x00007ff8dbc05000 	C:\WINDOWS\system32\uxtheme.dll
0x00007ff888d20000 - 0x00007ff88e504000 	C:\WINDOWS\System32\DriverStore\FileRepository\igdlh64.inf_amd64_cfb493473e7a0798\igdumdim64.dll
0x00007ff8e0660000 - 0x00007ff8e0720000 	C:\WINDOWS\System32\OLEAUT32.dll
0x00007ff8de8d0000 - 0x00007ff8dea15000 	C:\WINDOWS\System32\ole32.dll
0x00007ff8e0720000 - 0x00007ff8e0b5b000 	C:\WINDOWS\System32\SETUPAPI.dll
0x0000000058610000 - 0x0000000058653000 	C:\Program Files\Java\jdk1.8.0_131\jre\bin\glass.dll
0x00007ff8de440000 - 0x00007ff8de548000 	C:\WINDOWS\System32\COMDLG32.dll
0x00007ff8e02f0000 - 0x00007ff8e0456000 	C:\WINDOWS\System32\MSCTF.dll
0x00007ff8bd090000 - 0x00007ff8be1ed000 	C:\WINDOWS\System32\DriverStore\FileRepository\igdlh64.inf_amd64_cfb493473e7a0798\igc64.dll
0x00000000585f0000 - 0x0000000058604000 	C:\Program Files\Java\jdk1.8.0_131\jre\bin\javafx_font.dll
0x00007ff8bcac0000 - 0x00007ff8bcd7f000 	C:\WINDOWS\SYSTEM32\dwrite.dll
0x00007ff8dcda0000 - 0x00007ff8dcdb7000 	C:\WINDOWS\SYSTEM32\CRYPTSP.dll
0x00007ff8dc820000 - 0x00007ff8dc854000 	C:\WINDOWS\system32\rsaenh.dll
0x00007ff8dd220000 - 0x00007ff8dd245000 	C:\WINDOWS\SYSTEM32\bcrypt.dll
0x00007ff8dd280000 - 0x00007ff8dd2a9000 	C:\WINDOWS\SYSTEM32\USERENV.dll
0x00007ff8dcdc0000 - 0x00007ff8dcdcb000 	C:\WINDOWS\SYSTEM32\CRYPTBASE.dll
0x00000000585d0000 - 0x00000000585ea000 	C:\Program Files\Java\jdk1.8.0_131\jre\bin\net.dll
0x00007ff8dcc00000 - 0x00007ff8dcc5c000 	C:\WINDOWS\system32\mswsock.dll
0x00007ff8dc9a0000 - 0x00007ff8dc9d7000 	C:\WINDOWS\SYSTEM32\IPHLPAPI.DLL
0x00007ff8e0b60000 - 0x00007ff8e0b68000 	C:\WINDOWS\System32\NSI.dll
0x00007ff8d5890000 - 0x00007ff8d58a6000 	C:\WINDOWS\SYSTEM32\dhcpcsvc6.DLL
0x00007ff8d5ad0000 - 0x00007ff8d5aea000 	C:\WINDOWS\SYSTEM32\dhcpcsvc.DLL
0x00000000585b0000 - 0x00000000585c1000 	C:\Program Files\Java\jdk1.8.0_131\jre\bin\nio.dll
0x00007ff8e0250000 - 0x00007ff8e02ee000 	C:\WINDOWS\System32\clbcatq.dll
0x00007ff8c3a60000 - 0x00007ff8c3c0c000 	C:\WINDOWS\SYSTEM32\WindowsCodecs.dll
0x00007ff8ca9e0000 - 0x00007ff8caa27000 	C:\WINDOWS\system32\dataexchange.dll
0x00007ff8db450000 - 0x00007ff8db572000 	C:\WINDOWS\system32\dcomp.dll
0x00007ff8daad0000 - 0x00007ff8dadaf000 	C:\WINDOWS\system32\d3d11.dll
0x00007ff8dc1c0000 - 0x00007ff8dc264000 	C:\WINDOWS\system32\dxgi.dll
0x00007ff8dbc40000 - 0x00007ff8dbdb0000 	C:\WINDOWS\system32\twinapi.appcore.dll
0x00007ff8d6700000 - 0x00007ff8d6731000 	C:\Program Files\Common Files\Microsoft Shared\Ink\rtscom.dll
0x0000000058580000 - 0x00000000585a3000 	C:\Program Files\Java\jdk1.8.0_131\jre\bin\javafx_iio.dll

VM Arguments:
java_command: C:\Heiki\pomodoro\out\artifacts\Pomodoro_jar\Pomodoro.jar
java_class_path (initial): C:\Heiki\pomodoro\out\artifacts\Pomodoro_jar\Pomodoro.jar
Launcher Type: SUN_STANDARD

Environment Variables:
JAVA_HOME=C:\Program Files\Java\jdk1.8.0_131
CLASSPATH=.;
PATH=C:\Python36\Scripts\;C:\Python36\;C:\WINDOWS\system32;C:\WINDOWS;C:\WINDOWS\System32\Wbem;C:\WINDOWS\System32\WindowsPowerShell\v1.0\;C:\ProgramData\chocolatey\bin;C:\Program Files\Java\jdk1.8.0_131\bin;C:\Program Files\Git\cmd;C:\Program Files\nodejs\;C:\Program Files (x86)\Skype\Phone\;C:\Users\kasutaja\AppData\Local\Microsoft\WindowsApps;C:\Users\kasutaja\AppData\Roaming\npm;
USERNAME=kasutaja
OS=Windows_NT
PROCESSOR_IDENTIFIER=Intel64 Family 6 Model 158 Stepping 9, GenuineIntel



---------------  S Y S T E M  ---------------

OS: Windows 10.0 , 64 bit Build 15063 (10.0.15063.296)

CPU:total 8 (initial active 8) (4 cores per cpu, 2 threads per core) family 6 model 158 stepping 9, cmov, cx8, fxsr, mmx, sse, sse2, sse3, ssse3, sse4.1, sse4.2, popcnt, avx, avx2, aes, clmul, erms, 3dnowpref, lzcnt, ht, tsc, tscinvbit, bmi1, bmi2, adx

Memory: 4k page, physical 16609868k(1965720k free), swap 66941516k(5520k free)

vm_info: Java HotSpot(TM) 64-Bit Server VM (25.131-b11) for windows-amd64 JRE (1.8.0_131-b11), built on Mar 15 2017 01:23:53 by "java_re" with MS VC++ 10.0 (VS2010)

time: Wed Aug 16 08:04:08 2017
elapsed time: 10 seconds (0d 0h 0m 10s)

