#
# There is insufficient memory for the Java Runtime Environment to continue.
# Native memory allocation (malloc) failed to allocate 175856 bytes for Chunk::new
# Possible reasons:
#   The system is out of physical RAM or swap space
#   In 32 bit mode, the process size limit was hit
# Possible solutions:
#   Reduce memory load on the system
#   Increase physical memory or swap space
#   Check if swap backing store is full
#   Use 64 bit Java on a 64 bit OS
#   Decrease Java heap size (-Xmx/-Xms)
#   Decrease number of Java threads
#   Decrease Java thread stack sizes (-Xss)
#   Set larger code cache with -XX:ReservedCodeCacheSize=
# This output file may be truncated or incomplete.
#
#  Out of Memory Error (allocation.cpp:390), pid=28148, tid=0x0000000000006f38
#
# JRE version: Java(TM) SE Runtime Environment (8.0_131-b11) (build 1.8.0_131-b11)
# Java VM: Java HotSpot(TM) 64-Bit Server VM (25.131-b11 mixed mode windows-amd64 compressed oops)
# Failed to write core dump. Minidumps are not enabled by default on client versions of Windows
#

---------------  T H R E A D  ---------------

Current thread (0x000000001be4d800):  JavaThread "C2 CompilerThread2" daemon [_thread_in_native, id=28472, stack(0x000000001e840000,0x000000001e940000)]

Stack: [0x000000001e840000,0x000000001e940000]
[error occurred during error reporting (printing stack bounds), id 0xc0000005]

Native frames: (J=compiled Java code, j=interpreted, Vv=VM code, C=native code)


Current CompileTask:
C2:   2425  406       4       jdk.internal.org.objectweb.asm.Item::set (143 bytes)


---------------  P R O C E S S  ---------------

Java Threads: ( => current thread )
  0x000000001ec6e800 JavaThread "JavaFX Application Thread" [_thread_in_Java, id=29056, stack(0x000000001f960000,0x000000001fa60000)]
  0x000000001ec7b000 JavaThread "Thread-1" daemon [_thread_blocked, id=29052, stack(0x000000001f860000,0x000000001f960000)]
  0x000000001ec5a800 JavaThread "QuantumRenderer-0" daemon [_thread_blocked, id=28784, stack(0x000000001f440000,0x000000001f540000)]
  0x000000001ddb5000 JavaThread "Service Thread" daemon [_thread_blocked, id=28620, stack(0x000000001ea40000,0x000000001eb40000)]
  0x000000001be4e800 JavaThread "C1 CompilerThread3" daemon [_thread_in_vm, id=28476, stack(0x000000001e940000,0x000000001ea40000)]
=>0x000000001be4d800 JavaThread "C2 CompilerThread2" daemon [_thread_in_native, id=28472, stack(0x000000001e840000,0x000000001e940000)]
  0x000000001be4c800 JavaThread "C2 CompilerThread1" daemon [_thread_blocked, id=28456, stack(0x000000001e740000,0x000000001e840000)]
  0x000000001dd4b000 JavaThread "C2 CompilerThread0" daemon [_thread_in_native, id=28444, stack(0x000000001e640000,0x000000001e740000)]
  0x000000001dd4a000 JavaThread "Attach Listener" daemon [_thread_blocked, id=28440, stack(0x000000001e540000,0x000000001e640000)]
  0x000000001dd56000 JavaThread "Signal Dispatcher" daemon [_thread_blocked, id=28436, stack(0x000000001e440000,0x000000001e540000)]
  0x000000001dd41800 JavaThread "Finalizer" daemon [_thread_blocked, id=28332, stack(0x000000001e120000,0x000000001e220000)]
  0x000000001be3d000 JavaThread "Reference Handler" daemon [_thread_blocked, id=28324, stack(0x000000001dc20000,0x000000001dd20000)]
  0x0000000002341000 JavaThread "main" [_thread_in_Java, id=28264, stack(0x0000000002210000,0x0000000002310000)]

Other Threads:
  0x000000001be39000 VMThread [stack: 0x000000001db20000,0x000000001dc20000] [id=28312]
  0x000000001ddc7000 WatcherThread [stack: 0x000000001eb40000,0x000000001ec40000] [id=28628]

VM state:not at safepoint (normal execution)

VM Mutex/Monitor currently owned by a thread:  ([mutex/lock_event])
[0x000000000220b720] CodeCache_lock - owner thread: 0x000000001be4e800
[0x000000000220d180] CompileStatistics_lock - owner thread: 0x0000000000000000

Heap:
 PSYoungGen      total 75776K, used 9125K [0x000000076b800000, 0x0000000770c80000, 0x00000007c0000000)
  eden space 65024K, 14% used [0x000000076b800000,0x000000076c0e9700,0x000000076f780000)
  from space 10752K, 0% used [0x0000000770200000,0x0000000770200000,0x0000000770c80000)
  to   space 10752K, 0% used [0x000000076f780000,0x000000076f780000,0x0000000770200000)
 ParOldGen       total 173568K, used 0K [0x00000006c2800000, 0x00000006cd180000, 0x000000076b800000)
  object space 173568K, 0% used [0x00000006c2800000,0x00000006c2800000,0x00000006cd180000)
 Metaspace       used 5771K, capacity 6198K, committed 6528K, reserved 1056768K
  class space    used 678K, capacity 796K, committed 896K, reserved 1048576K

Card table byte_map: [0x0000000011810000,0x0000000012000000] byte_map_base: 0x000000000e1fc000

Marking Bits: (ParMarkBitMap*) 0x000000005714c720
 Begin Bits: [0x0000000012d50000, 0x0000000016cb0000)
 End Bits:   [0x0000000016cb0000, 0x000000001ac10000)

Polling page: 0x0000000002310000

CodeCache: size=245760Kb used=1922Kb max_used=1922Kb free=243837Kb
 bounds [0x0000000002450000, 0x00000000026c0000, 0x0000000011450000]
 total_blobs=731 nmethods=412 adapters=232
 compilation: enabled

Compilation events (10 events):
Event: 2.419 Thread 0x000000001be4e800  403       3       java.lang.invoke.MethodHandles$Lookup::lookupClassOrNull (17 bytes)
Event: 2.419 Thread 0x000000001be4e800 nmethod 403 0x000000000262cbd0 code [0x000000000262cd20, 0x000000000262ced0]
Event: 2.419 Thread 0x000000001be4c800  404       4       jdk.internal.org.objectweb.asm.ClassWriter::get (49 bytes)
Event: 2.419 Thread 0x000000001be4e800  405       3       jdk.internal.org.objectweb.asm.Frame::pop (45 bytes)
Event: 2.419 Thread 0x000000001be4e800 nmethod 405 0x000000000262cf50 code [0x000000000262d0a0, 0x000000000262d270]
Event: 2.419 Thread 0x000000001dd4b000 nmethod 401 0x0000000002630110 code [0x0000000002630260, 0x0000000002630478]
Event: 2.419 Thread 0x000000001be4d800  406       4       jdk.internal.org.objectweb.asm.Item::set (143 bytes)
Event: 2.420 Thread 0x000000001be4c800 nmethod 404 0x00000000026305d0 code [0x0000000002630720, 0x0000000002630868]
Event: 2.421 Thread 0x000000001be4e800  407   !   3       java.lang.ClassLoader::getPackage (118 bytes)
Event: 2.422 Thread 0x000000001be4e800 nmethod 407 0x000000000262ea50 code [0x000000000262ec20, 0x000000000262f728]

GC Heap History (0 events):
No events

Deoptimization events (0 events):
No events

Internal exceptions (9 events):
Event: 0.034 Thread 0x0000000002341000 Exception <a 'java/lang/NoSuchMethodError': Method sun.misc.Unsafe.defineClass(Ljava/lang/String;[BII)Ljava/lang/Class; name or signature does not match> (0x000000076b807ca8) thrown at [C:\re\workspace\8-2-build-windows-amd64-cygwin\jdk8u131\8869\hotspot\
Event: 0.034 Thread 0x0000000002341000 Exception <a 'java/lang/NoSuchMethodError': Method sun.misc.Unsafe.prefetchRead(Ljava/lang/Object;J)V name or signature does not match> (0x000000076b807f90) thrown at [C:\re\workspace\8-2-build-windows-amd64-cygwin\jdk8u131\8869\hotspot\src\share\vm\prims
Event: 0.369 Thread 0x0000000002341000 Exception <a 'java/lang/NoSuchFieldError': method resolution failed> (0x000000076bad40a8) thrown at [C:\re\workspace\8-2-build-windows-amd64-cygwin\jdk8u131\8869\hotspot\src\share\vm\prims\methodHandles.cpp, line 1146]
Event: 0.371 Thread 0x0000000002341000 Exception <a 'java/lang/NoSuchFieldError': method resolution failed> (0x000000076bae1428) thrown at [C:\re\workspace\8-2-build-windows-amd64-cygwin\jdk8u131\8869\hotspot\src\share\vm\prims\methodHandles.cpp, line 1146]
Event: 0.466 Thread 0x0000000002341000 Exception <a 'java/security/PrivilegedActionException'> (0x000000076bb6c208) thrown at [C:\re\workspace\8-2-build-windows-amd64-cygwin\jdk8u131\8869\hotspot\src\share\vm\prims\jvm.cpp, line 1390]
Event: 0.466 Thread 0x0000000002341000 Exception <a 'java/security/PrivilegedActionException'> (0x000000076bb6c418) thrown at [C:\re\workspace\8-2-build-windows-amd64-cygwin\jdk8u131\8869\hotspot\src\share\vm\prims\jvm.cpp, line 1390]
Event: 0.468 Thread 0x0000000002341000 Exception <a 'java/security/PrivilegedActionException'> (0x000000076bb70328) thrown at [C:\re\workspace\8-2-build-windows-amd64-cygwin\jdk8u131\8869\hotspot\src\share\vm\prims\jvm.cpp, line 1390]
Event: 0.468 Thread 0x0000000002341000 Exception <a 'java/security/PrivilegedActionException'> (0x000000076bb70538) thrown at [C:\re\workspace\8-2-build-windows-amd64-cygwin\jdk8u131\8869\hotspot\src\share\vm\prims\jvm.cpp, line 1390]
Event: 0.468 Thread 0x0000000002341000 Exception <a 'java/lang/NullPointerException'> (0x000000076bb70b10) thrown at [C:\re\workspace\8-2-build-windows-amd64-cygwin\jdk8u131\8869\hotspot\src\share\vm\interpreter\linkResolver.cpp, line 1197]

Events (10 events):
Event: 2.419 loading class com/sun/javafx/tk/TKScreenConfigurationListener
Event: 2.419 loading class com/sun/javafx/tk/TKScreenConfigurationListener done
Event: 2.421 loading class javafx/geometry/Rectangle2D
Event: 2.421 loading class javafx/geometry/Rectangle2D done
Event: 2.421 loading class javafx/collections/ListChangeBuilder$SubChange
Event: 2.421 loading class javafx/collections/ListChangeBuilder$SubChange done
Event: 2.422 loading class com/sun/scenario/Settings
Event: 2.422 loading class com/sun/scenario/Settings done
Event: 2.424 loading class java/lang/NumberFormatException
Event: 2.424 loading class java/lang/NumberFormatException done


Dynamic libraries:
0x00007ff7affc0000 - 0x00007ff7afff7000 	C:\Program Files\Java\jdk1.8.0_131\bin\javaw.exe
0x00007ff8e0ee0000 - 0x00007ff8e10bb000 	C:\WINDOWS\SYSTEM32\ntdll.dll
0x00007ff8debf0000 - 0x00007ff8dec9e000 	C:\WINDOWS\System32\KERNEL32.DLL
0x00007ff8ddd70000 - 0x00007ff8ddfb9000 	C:\WINDOWS\System32\KERNELBASE.dll
0x00007ff8e0e30000 - 0x00007ff8e0ed1000 	C:\WINDOWS\System32\ADVAPI32.dll
0x00007ff8ded70000 - 0x00007ff8dee0d000 	C:\WINDOWS\System32\msvcrt.dll
0x00007ff8e0dd0000 - 0x00007ff8e0e29000 	C:\WINDOWS\System32\sechost.dll
0x00007ff8e0b70000 - 0x00007ff8e0c95000 	C:\WINDOWS\System32\RPCRT4.dll
0x00007ff8dea20000 - 0x00007ff8deb6a000 	C:\WINDOWS\System32\USER32.dll
0x00007ff8de2d0000 - 0x00007ff8de2ee000 	C:\WINDOWS\System32\win32u.dll
0x00007ff8e0d40000 - 0x00007ff8e0d67000 	C:\WINDOWS\System32\GDI32.dll
0x00007ff8ddfc0000 - 0x00007ff8de148000 	C:\WINDOWS\System32\gdi32full.dll
0x00007ff8dd400000 - 0x00007ff8dd49a000 	C:\WINDOWS\System32\msvcp_win.dll
0x00007ff8de340000 - 0x00007ff8de436000 	C:\WINDOWS\System32\ucrtbase.dll
0x00007ff8c3e30000 - 0x00007ff8c4097000 	C:\WINDOWS\WinSxS\amd64_microsoft.windows.common-controls_6595b64144ccf1df_6.0.15063.483_none_26002d27e7c744a2\COMCTL32.dll
0x00007ff8de5c0000 - 0x00007ff8de8b9000 	C:\WINDOWS\System32\combase.dll
0x00007ff8de260000 - 0x00007ff8de2ca000 	C:\WINDOWS\System32\bcryptPrimitives.dll
0x00007ff8e0d10000 - 0x00007ff8e0d3d000 	C:\WINDOWS\System32\IMM32.DLL
0x00000000586f0000 - 0x00000000587c2000 	C:\Program Files\Java\jdk1.8.0_131\jre\bin\msvcr100.dll
0x0000000056930000 - 0x00000000571cc000 	C:\Program Files\Java\jdk1.8.0_131\jre\bin\server\jvm.dll
0x00007ff8de8c0000 - 0x00007ff8de8c8000 	C:\WINDOWS\System32\PSAPI.DLL
0x00007ff8c9b10000 - 0x00007ff8c9b19000 	C:\WINDOWS\SYSTEM32\WSOCK32.dll
0x00007ff8e0ca0000 - 0x00007ff8e0d0c000 	C:\WINDOWS\System32\WS2_32.dll
0x00007ff8d0ca0000 - 0x00007ff8d0cc3000 	C:\WINDOWS\SYSTEM32\WINMM.dll
0x00007ff8d7e30000 - 0x00007ff8d7e3a000 	C:\WINDOWS\SYSTEM32\VERSION.dll
0x00007ff8d0b20000 - 0x00007ff8d0b4b000 	C:\WINDOWS\SYSTEM32\WINMMBASE.dll
0x00007ff8de2f0000 - 0x00007ff8de339000 	C:\WINDOWS\System32\cfgmgr32.dll
0x00000000586e0000 - 0x00000000586ef000 	C:\Program Files\Java\jdk1.8.0_131\jre\bin\verify.dll
0x00000000586b0000 - 0x00000000586d9000 	C:\Program Files\Java\jdk1.8.0_131\jre\bin\java.dll
0x0000000058690000 - 0x00000000586a6000 	C:\Program Files\Java\jdk1.8.0_131\jre\bin\zip.dll
0x00007ff8dee10000 - 0x00007ff8e0247000 	C:\WINDOWS\System32\SHELL32.dll
0x00007ff8deca0000 - 0x00007ff8ded4a000 	C:\WINDOWS\System32\shcore.dll
0x00007ff8dd670000 - 0x00007ff8ddd63000 	C:\WINDOWS\System32\windows.storage.dll
0x00007ff8e0600000 - 0x00007ff8e0651000 	C:\WINDOWS\System32\shlwapi.dll
0x00007ff8dd3c0000 - 0x00007ff8dd3d1000 	C:\WINDOWS\System32\kernel.appcore.dll
0x00007ff8dd350000 - 0x00007ff8dd39c000 	C:\WINDOWS\System32\powrprof.dll
0x00007ff8dd3a0000 - 0x00007ff8dd3b5000 	C:\WINDOWS\System32\profapi.dll
0x00007ff8c1840000 - 0x00007ff8c192f000 	C:\Program Files\Java\jdk1.8.0_131\jre\bin\msvcr120.dll
0x00007ff8c1b60000 - 0x00007ff8c1c06000 	C:\Program Files\Java\jdk1.8.0_131\jre\bin\msvcp120.dll
0x0000000058660000 - 0x0000000058682000 	C:\Program Files\Java\jdk1.8.0_131\jre\bin\prism_d3d.dll
0x00007ff8b7900000 - 0x00007ff8b7a89000 	C:\WINDOWS\system32\d3d9.dll
0x00007ff8c1950000 - 0x00007ff8c197a000 	C:\WINDOWS\SYSTEM32\dwmapi.dll
0x00007ff8dbb70000 - 0x00007ff8dbc05000 	C:\WINDOWS\system32\uxtheme.dll
0x00007ff888d20000 - 0x00007ff88e504000 	C:\WINDOWS\System32\DriverStore\FileRepository\igdlh64.inf_amd64_cfb493473e7a0798\igdumdim64.dll
0x00007ff8e0660000 - 0x00007ff8e0720000 	C:\WINDOWS\System32\OLEAUT32.dll
0x00007ff8de8d0000 - 0x00007ff8dea15000 	C:\WINDOWS\System32\ole32.dll
0x00007ff8e0720000 - 0x00007ff8e0b5b000 	C:\WINDOWS\System32\SETUPAPI.dll
0x0000000058610000 - 0x0000000058653000 	C:\Program Files\Java\jdk1.8.0_131\jre\bin\glass.dll
0x00007ff8de440000 - 0x00007ff8de548000 	C:\WINDOWS\System32\COMDLG32.dll
0x00007ff8e02f0000 - 0x00007ff8e0456000 	C:\WINDOWS\System32\MSCTF.dll

VM Arguments:
java_command: C:\Heiki\pomodoro\out\artifacts\Pomodoro_jar\Pomodoro.jar
java_class_path (initial): C:\Heiki\pomodoro\out\artifacts\Pomodoro_jar\Pomodoro.jar
Launcher Type: SUN_STANDARD

Environment Variables:
JAVA_HOME=C:\Program Files\Java\jdk1.8.0_131
CLASSPATH=.;
PATH=C:\Python36\Scripts\;C:\Python36\;C:\WINDOWS\system32;C:\WINDOWS;C:\WINDOWS\System32\Wbem;C:\WINDOWS\System32\WindowsPowerShell\v1.0\;C:\ProgramData\chocolatey\bin;C:\Program Files\Java\jdk1.8.0_131\bin;C:\Program Files\Git\cmd;C:\Program Files\nodejs\;C:\Program Files (x86)\Skype\Phone\;C:\Users\kasutaja\AppData\Local\Microsoft\WindowsApps;C:\Users\kasutaja\AppData\Roaming\npm;
USERNAME=kasutaja
OS=Windows_NT
PROCESSOR_IDENTIFIER=Intel64 Family 6 Model 158 Stepping 9, GenuineIntel



---------------  S Y S T E M  ---------------

OS: Windows 10.0 , 64 bit Build 15063 (10.0.15063.296)

CPU:total 8 (initial active 8) (4 cores per cpu, 2 threads per core) family 6 model 158 stepping 9, cmov, cx8, fxsr, mmx, sse, sse2, sse3, ssse3, sse4.1, sse4.2, popcnt, avx, avx2, aes, clmul, erms, 3dnowpref, lzcnt, ht, tsc, tscinvbit, bmi1, bmi2, adx

Memory: 4k page, physical 16609868k(2618244k free), swap 66941516k(2068k free)

vm_info: Java HotSpot(TM) 64-Bit Server VM (25.131-b11) for windows-amd64 JRE (1.8.0_131-b11), built on Mar 15 2017 01:23:53 by "java_re" with MS VC++ 10.0 (VS2010)

time: Wed Aug 16 08:04:02 2017
elapsed time: 2 seconds (0d 0h 0m 2s)

