#
# There is insufficient memory for the Java Runtime Environment to continue.
# Native memory allocation (malloc) failed to allocate 1048576 bytes for AllocateHeap
# Possible reasons:
#   The system is out of physical RAM or swap space
#   In 32 bit mode, the process size limit was hit
# Possible solutions:
#   Reduce memory load on the system
#   Increase physical memory or swap space
#   Check if swap backing store is full
#   Use 64 bit Java on a 64 bit OS
#   Decrease Java heap size (-Xmx/-Xms)
#   Decrease number of Java threads
#   Decrease Java thread stack sizes (-Xss)
#   Set larger code cache with -XX:ReservedCodeCacheSize=
# This output file may be truncated or incomplete.
#
#  Out of Memory Error (memory/allocation.inline.hpp:61), pid=13556, tid=0x0000000000007b44
#
# JRE version:  (8.0_131-b11) (build )
# Java VM: Java HotSpot(TM) 64-Bit Server VM (25.131-b11 mixed mode windows-amd64 compressed oops)
# Failed to write core dump. Minidumps are not enabled by default on client versions of Windows
#

---------------  T H R E A D  ---------------

Current thread (0x0000000002f21000):  JavaThread "Unknown thread" [_thread_in_vm, id=31556, stack(0x0000000002e20000,0x0000000002f20000)]

Stack: [0x0000000002e20000,0x0000000002f20000]
[error occurred during error reporting (printing stack bounds), id 0xc0000005]

Native frames: (J=compiled Java code, j=interpreted, Vv=VM code, C=native code)


---------------  P R O C E S S  ---------------

Java Threads: ( => current thread )

Other Threads:

=>0x0000000002f21000 (exited) JavaThread "Unknown thread" [_thread_in_vm, id=31556, stack(0x0000000002e20000,0x0000000002f20000)]

VM state:not at safepoint (normal execution)

VM Mutex/Monitor currently owned by a thread: None

Heap:
 PSYoungGen      total 75776K, used 1300K [0x000000076b800000, 0x0000000770c80000, 0x00000007c0000000)
  eden space 65024K, 2% used [0x000000076b800000,0x000000076b9451f8,0x000000076f780000)
  from space 10752K, 0% used [0x0000000770200000,0x0000000770200000,0x0000000770c80000)
  to   space 10752K, 0% used [0x000000076f780000,0x000000076f780000,0x0000000770200000)
 ParOldGen       total 173568K, used 0K [0x00000006c2800000, 0x00000006cd180000, 0x000000076b800000)
  object space 173568K, 0% used [0x00000006c2800000,0x00000006c2800000,0x00000006cd180000)
 Metaspace       used 770K, capacity 4480K, committed 4480K, reserved 1056768K
  class space    used 75K, capacity 384K, committed 384K, reserved 1048576K

Card table byte_map: [0x00000000123e0000,0x0000000012bd0000] byte_map_base: 0x000000000edcc000

Marking Bits: (ParMarkBitMap*) 0x000000005714c720
 Begin Bits: [0x0000000013920000, 0x0000000017880000)
 End Bits:   [0x0000000017880000, 0x000000001b7e0000)

Polling page: 0x0000000000f50000

CodeCache: size=245760Kb used=328Kb max_used=328Kb free=245431Kb
 bounds [0x0000000003020000, 0x0000000003290000, 0x0000000012020000]
 total_blobs=58 nmethods=0 adapters=38
 compilation: enabled

Compilation events (0 events):
No events

GC Heap History (0 events):
No events

Deoptimization events (0 events):
No events

Internal exceptions (0 events):
No events

Events (10 events):
Event: 0.024 loading class java/lang/Short
Event: 0.024 loading class java/lang/Short done
Event: 0.024 loading class java/lang/Integer
Event: 0.024 loading class java/lang/Integer done
Event: 0.024 loading class java/lang/Long
Event: 0.024 loading class java/lang/Long done
Event: 0.025 loading class java/lang/NullPointerException
Event: 0.025 loading class java/lang/NullPointerException done
Event: 0.025 loading class java/lang/ArithmeticException
Event: 0.025 loading class java/lang/ArithmeticException done


Dynamic libraries:
0x00007ff7affc0000 - 0x00007ff7afff7000 	C:\Program Files\Java\jdk1.8.0_131\bin\javaw.exe
0x00007ff8e0ee0000 - 0x00007ff8e10bb000 	C:\WINDOWS\SYSTEM32\ntdll.dll
0x00007ff8debf0000 - 0x00007ff8dec9e000 	C:\WINDOWS\System32\KERNEL32.DLL
0x00007ff8ddd70000 - 0x00007ff8ddfb9000 	C:\WINDOWS\System32\KERNELBASE.dll
0x00007ff8e0e30000 - 0x00007ff8e0ed1000 	C:\WINDOWS\System32\ADVAPI32.dll
0x00007ff8ded70000 - 0x00007ff8dee0d000 	C:\WINDOWS\System32\msvcrt.dll
0x00007ff8e0dd0000 - 0x00007ff8e0e29000 	C:\WINDOWS\System32\sechost.dll
0x00007ff8e0b70000 - 0x00007ff8e0c95000 	C:\WINDOWS\System32\RPCRT4.dll
0x00007ff8dea20000 - 0x00007ff8deb6a000 	C:\WINDOWS\System32\USER32.dll
0x00007ff8de2d0000 - 0x00007ff8de2ee000 	C:\WINDOWS\System32\win32u.dll
0x00007ff8e0d40000 - 0x00007ff8e0d67000 	C:\WINDOWS\System32\GDI32.dll
0x00007ff8ddfc0000 - 0x00007ff8de148000 	C:\WINDOWS\System32\gdi32full.dll
0x00007ff8dd400000 - 0x00007ff8dd49a000 	C:\WINDOWS\System32\msvcp_win.dll
0x00007ff8de340000 - 0x00007ff8de436000 	C:\WINDOWS\System32\ucrtbase.dll
0x00007ff8c3e30000 - 0x00007ff8c4097000 	C:\WINDOWS\WinSxS\amd64_microsoft.windows.common-controls_6595b64144ccf1df_6.0.15063.483_none_26002d27e7c744a2\COMCTL32.dll
0x00007ff8de5c0000 - 0x00007ff8de8b9000 	C:\WINDOWS\System32\combase.dll
0x00007ff8de260000 - 0x00007ff8de2ca000 	C:\WINDOWS\System32\bcryptPrimitives.dll
0x00007ff8e0d10000 - 0x00007ff8e0d3d000 	C:\WINDOWS\System32\IMM32.DLL
0x00000000586f0000 - 0x00000000587c2000 	C:\Program Files\Java\jdk1.8.0_131\jre\bin\msvcr100.dll
0x0000000056930000 - 0x00000000571cc000 	C:\Program Files\Java\jdk1.8.0_131\jre\bin\server\jvm.dll
0x00007ff8de8c0000 - 0x00007ff8de8c8000 	C:\WINDOWS\System32\PSAPI.DLL
0x00007ff8c9b10000 - 0x00007ff8c9b19000 	C:\WINDOWS\SYSTEM32\WSOCK32.dll
0x00007ff8e0ca0000 - 0x00007ff8e0d0c000 	C:\WINDOWS\System32\WS2_32.dll
0x00007ff8d0ca0000 - 0x00007ff8d0cc3000 	C:\WINDOWS\SYSTEM32\WINMM.dll
0x00007ff8d7e30000 - 0x00007ff8d7e3a000 	C:\WINDOWS\SYSTEM32\VERSION.dll
0x00007ff8d0b20000 - 0x00007ff8d0b4b000 	C:\WINDOWS\SYSTEM32\WINMMBASE.dll
0x00007ff8de2f0000 - 0x00007ff8de339000 	C:\WINDOWS\System32\cfgmgr32.dll
0x00000000586e0000 - 0x00000000586ef000 	C:\Program Files\Java\jdk1.8.0_131\jre\bin\verify.dll
0x00000000586b0000 - 0x00000000586d9000 	C:\Program Files\Java\jdk1.8.0_131\jre\bin\java.dll
0x0000000058690000 - 0x00000000586a6000 	C:\Program Files\Java\jdk1.8.0_131\jre\bin\zip.dll

VM Arguments:
java_command: C:\Heiki\pomodoro\out\artifacts\Pomodoro_jar\Pomodoro.jar
java_class_path (initial): C:\Heiki\pomodoro\out\artifacts\Pomodoro_jar\Pomodoro.jar
Launcher Type: SUN_STANDARD

Environment Variables:
JAVA_HOME=C:\Program Files\Java\jdk1.8.0_131
CLASSPATH=.;
PATH=C:\Python36\Scripts\;C:\Python36\;C:\WINDOWS\system32;C:\WINDOWS;C:\WINDOWS\System32\Wbem;C:\WINDOWS\System32\WindowsPowerShell\v1.0\;C:\ProgramData\chocolatey\bin;C:\Program Files\Java\jdk1.8.0_131\bin;C:\Program Files\Git\cmd;C:\Program Files\nodejs\;C:\Program Files (x86)\Skype\Phone\;C:\Users\kasutaja\AppData\Local\Microsoft\WindowsApps;C:\Users\kasutaja\AppData\Roaming\npm;
USERNAME=kasutaja
OS=Windows_NT
PROCESSOR_IDENTIFIER=Intel64 Family 6 Model 158 Stepping 9, GenuineIntel



---------------  S Y S T E M  ---------------

OS: Windows 10.0 , 64 bit Build 15063 (10.0.15063.296)

CPU:total 8 (initial active 8) (4 cores per cpu, 2 threads per core) family 6 model 158 stepping 9, cmov, cx8, fxsr, mmx, sse, sse2, sse3, ssse3, sse4.1, sse4.2, popcnt, avx, avx2, aes, clmul, erms, 3dnowpref, lzcnt, ht, tsc, tscinvbit, bmi1, bmi2, adx

Memory: 4k page, physical 16609868k(1951804k free), swap 66941516k(6588k free)

vm_info: Java HotSpot(TM) 64-Bit Server VM (25.131-b11) for windows-amd64 JRE (1.8.0_131-b11), built on Mar 15 2017 01:23:53 by "java_re" with MS VC++ 10.0 (VS2010)

time: Wed Aug 16 08:04:14 2017
elapsed time: 0 seconds (0d 0h 0m 0s)

