#
# There is insufficient memory for the Java Runtime Environment to continue.
# Native memory allocation (malloc) failed to allocate 33696 bytes for Chunk::new
# Possible reasons:
#   The system is out of physical RAM or swap space
#   In 32 bit mode, the process size limit was hit
# Possible solutions:
#   Reduce memory load on the system
#   Increase physical memory or swap space
#   Check if swap backing store is full
#   Use 64 bit Java on a 64 bit OS
#   Decrease Java heap size (-Xmx/-Xms)
#   Decrease number of Java threads
#   Decrease Java thread stack sizes (-Xss)
#   Set larger code cache with -XX:ReservedCodeCacheSize=
# This output file may be truncated or incomplete.
#
#  Out of Memory Error (allocation.cpp:390), pid=28556, tid=0x000000000000706c
#
# JRE version: Java(TM) SE Runtime Environment (8.0_131-b11) (build 1.8.0_131-b11)
# Java VM: Java HotSpot(TM) 64-Bit Server VM (25.131-b11 mixed mode windows-amd64 compressed oops)
# Failed to write core dump. Minidumps are not enabled by default on client versions of Windows
#

---------------  T H R E A D  ---------------

Current thread (0x000000001e01e800):  JavaThread "C2 CompilerThread0" daemon [_thread_in_native, id=28780, stack(0x000000001e7e0000,0x000000001e8e0000)]

Stack: [0x000000001e7e0000,0x000000001e8e0000]
[error occurred during error reporting (printing stack bounds), id 0xc0000005]

Native frames: (J=compiled Java code, j=interpreted, Vv=VM code, C=native code)


Current CompileTask:
C2:   2015  390       4       java.lang.String::indexOf (166 bytes)


---------------  P R O C E S S  ---------------

Java Threads: ( => current thread )
  0x000000001ee9a800 JavaThread "JavaFX Application Thread" [_thread_in_Java, id=29304, stack(0x000000001fb50000,0x000000001fc50000)]
  0x000000001ee8f800 JavaThread "Thread-1" daemon [_thread_blocked, id=29296, stack(0x000000001fa50000,0x000000001fb50000)]
  0x000000001ee68000 JavaThread "QuantumRenderer-0" daemon [_thread_blocked, id=29116, stack(0x000000001f5e0000,0x000000001f6e0000)]
  0x000000001e084000 JavaThread "Service Thread" daemon [_thread_blocked, id=28948, stack(0x000000001ebe0000,0x000000001ece0000)]
  0x000000001e07c800 JavaThread "C1 CompilerThread3" daemon [_thread_in_native, id=28932, stack(0x000000001eae0000,0x000000001ebe0000)]
  0x000000001e07b000 JavaThread "C2 CompilerThread2" daemon [_thread_blocked, id=28900, stack(0x000000001e9e0000,0x000000001eae0000)]
  0x000000001c119000 JavaThread "C2 CompilerThread1" daemon [_thread_in_native, id=28824, stack(0x000000001e8e0000,0x000000001e9e0000)]
=>0x000000001e01e800 JavaThread "C2 CompilerThread0" daemon [_thread_in_native, id=28780, stack(0x000000001e7e0000,0x000000001e8e0000)]
  0x000000001e01d000 JavaThread "Attach Listener" daemon [_thread_blocked, id=28776, stack(0x000000001e6e0000,0x000000001e7e0000)]
  0x000000001e01c000 JavaThread "Signal Dispatcher" daemon [_thread_blocked, id=28772, stack(0x000000001e5e0000,0x000000001e6e0000)]
  0x000000001e010800 JavaThread "Finalizer" daemon [_thread_blocked, id=3172, stack(0x000000001e3f0000,0x000000001e4f0000)]
  0x000000001c10d000 JavaThread "Reference Handler" daemon [_thread_blocked, id=12876, stack(0x000000001def0000,0x000000001dff0000)]
  0x0000000002671000 JavaThread "main" [_thread_blocked, id=28564, stack(0x0000000002470000,0x0000000002570000)]

Other Threads:
  0x000000001c109000 VMThread [stack: 0x000000001ddf0000,0x000000001def0000] [id=5876]
  0x000000001e086000 WatcherThread [stack: 0x000000001ece0000,0x000000001ede0000] [id=28964]

VM state:not at safepoint (normal execution)

VM Mutex/Monitor currently owned by a thread: None

Heap:
 PSYoungGen      total 75776K, used 9125K [0x000000076b800000, 0x0000000770c80000, 0x00000007c0000000)
  eden space 65024K, 14% used [0x000000076b800000,0x000000076c0e96d8,0x000000076f780000)
  from space 10752K, 0% used [0x0000000770200000,0x0000000770200000,0x0000000770c80000)
  to   space 10752K, 0% used [0x000000076f780000,0x000000076f780000,0x0000000770200000)
 ParOldGen       total 173568K, used 0K [0x00000006c2800000, 0x00000006cd180000, 0x000000076b800000)
  object space 173568K, 0% used [0x00000006c2800000,0x00000006c2800000,0x00000006cd180000)
 Metaspace       used 5753K, capacity 6188K, committed 6528K, reserved 1056768K
  class space    used 677K, capacity 795K, committed 896K, reserved 1048576K

Card table byte_map: [0x0000000011b30000,0x0000000012320000] byte_map_base: 0x000000000e51c000

Marking Bits: (ParMarkBitMap*) 0x000000005714c720
 Begin Bits: [0x0000000013070000, 0x0000000016fd0000)
 End Bits:   [0x0000000016fd0000, 0x000000001af30000)

Polling page: 0x0000000002380000

CodeCache: size=245760Kb used=1881Kb max_used=1892Kb free=243878Kb
 bounds [0x0000000002770000, 0x00000000029e0000, 0x0000000011770000]
 total_blobs=718 nmethods=399 adapters=232
 compilation: enabled

Compilation events (10 events):
Event: 2.000 Thread 0x000000001e07c800 nmethod 383 0x000000000293d350 code [0x000000000293d500, 0x000000000293dd38]
Event: 2.000 Thread 0x000000001e07c800  384       3       java.lang.String::regionMatches (149 bytes)
Event: 2.001 Thread 0x000000001e07c800 nmethod 384 0x000000000293e0d0 code [0x000000000293e320, 0x000000000293eff8]
Event: 2.006 Thread 0x000000001e07c800  387       3       java.security.CodeSource::getCertificates (98 bytes)
Event: 2.007 Thread 0x000000001e07c800 nmethod 387 0x0000000002940110 code [0x0000000002940340, 0x0000000002940f38]
Event: 2.008 Thread 0x000000001e07c800  388       3       java.util.BitSet::get (69 bytes)
Event: 2.008 Thread 0x000000001e07c800 nmethod 388 0x0000000002941350 code [0x0000000002941540, 0x0000000002941f28]
Event: 2.010 Thread 0x000000001e07c800  389       3       java.lang.invoke.MemberName::isMethod (7 bytes)
Event: 2.010 Thread 0x000000001e07c800 nmethod 389 0x00000000029423d0 code [0x0000000002942540, 0x00000000029427b0]
Event: 2.010 Thread 0x000000001e01e800  390       4       java.lang.String::indexOf (166 bytes)

GC Heap History (0 events):
No events

Deoptimization events (0 events):
No events

Internal exceptions (9 events):
Event: 0.159 Thread 0x0000000002671000 Exception <a 'java/lang/NoSuchMethodError': Method sun.misc.Unsafe.defineClass(Ljava/lang/String;[BII)Ljava/lang/Class; name or signature does not match> (0x000000076b807ca8) thrown at [C:\re\workspace\8-2-build-windows-amd64-cygwin\jdk8u131\8869\hotspot\
Event: 0.159 Thread 0x0000000002671000 Exception <a 'java/lang/NoSuchMethodError': Method sun.misc.Unsafe.prefetchRead(Ljava/lang/Object;J)V name or signature does not match> (0x000000076b807f90) thrown at [C:\re\workspace\8-2-build-windows-amd64-cygwin\jdk8u131\8869\hotspot\src\share\vm\prims
Event: 0.797 Thread 0x0000000002671000 Exception <a 'java/lang/NoSuchFieldError': method resolution failed> (0x000000076bad4080) thrown at [C:\re\workspace\8-2-build-windows-amd64-cygwin\jdk8u131\8869\hotspot\src\share\vm\prims\methodHandles.cpp, line 1146]
Event: 0.798 Thread 0x0000000002671000 Exception <a 'java/lang/NoSuchFieldError': method resolution failed> (0x000000076bae1400) thrown at [C:\re\workspace\8-2-build-windows-amd64-cygwin\jdk8u131\8869\hotspot\src\share\vm\prims\methodHandles.cpp, line 1146]
Event: 0.828 Thread 0x0000000002671000 Exception <a 'java/security/PrivilegedActionException'> (0x000000076bb6bf08) thrown at [C:\re\workspace\8-2-build-windows-amd64-cygwin\jdk8u131\8869\hotspot\src\share\vm\prims\jvm.cpp, line 1390]
Event: 0.828 Thread 0x0000000002671000 Exception <a 'java/security/PrivilegedActionException'> (0x000000076bb6c118) thrown at [C:\re\workspace\8-2-build-windows-amd64-cygwin\jdk8u131\8869\hotspot\src\share\vm\prims\jvm.cpp, line 1390]
Event: 0.851 Thread 0x0000000002671000 Exception <a 'java/security/PrivilegedActionException'> (0x000000076bb70028) thrown at [C:\re\workspace\8-2-build-windows-amd64-cygwin\jdk8u131\8869\hotspot\src\share\vm\prims\jvm.cpp, line 1390]
Event: 0.851 Thread 0x0000000002671000 Exception <a 'java/security/PrivilegedActionException'> (0x000000076bb70238) thrown at [C:\re\workspace\8-2-build-windows-amd64-cygwin\jdk8u131\8869\hotspot\src\share\vm\prims\jvm.cpp, line 1390]
Event: 0.851 Thread 0x0000000002671000 Exception <a 'java/lang/NullPointerException'> (0x000000076bb70810) thrown at [C:\re\workspace\8-2-build-windows-amd64-cygwin\jdk8u131\8869\hotspot\src\share\vm\interpreter\linkResolver.cpp, line 1197]

Events (10 events):
Event: 2.010 loading class javafx/collections/WeakListChangeListener
Event: 2.010 loading class javafx/collections/WeakListChangeListener done
Event: 2.010 loading class javafx/beans/WeakListener
Event: 2.010 loading class javafx/beans/WeakListener done
Event: 2.010 loading class com/sun/javafx/collections/ListListenerHelper
Event: 2.010 loading class com/sun/javafx/collections/ListListenerHelper done
Event: 2.010 loading class com/sun/javafx/binding/ExpressionHelperBase
Event: 2.010 loading class com/sun/javafx/binding/ExpressionHelperBase done
Event: 2.011 loading class com/sun/javafx/collections/ListListenerHelper$SingleInvalidation
Event: 2.011 loading class com/sun/javafx/collections/ListListenerHelper$SingleInvalidation done


Dynamic libraries:
0x00007ff7affc0000 - 0x00007ff7afff7000 	C:\Program Files\Java\jdk1.8.0_131\bin\javaw.exe
0x00007ff8e0ee0000 - 0x00007ff8e10bb000 	C:\WINDOWS\SYSTEM32\ntdll.dll
0x00007ff8debf0000 - 0x00007ff8dec9e000 	C:\WINDOWS\System32\KERNEL32.DLL
0x00007ff8ddd70000 - 0x00007ff8ddfb9000 	C:\WINDOWS\System32\KERNELBASE.dll
0x00007ff8e0e30000 - 0x00007ff8e0ed1000 	C:\WINDOWS\System32\ADVAPI32.dll
0x00007ff8ded70000 - 0x00007ff8dee0d000 	C:\WINDOWS\System32\msvcrt.dll
0x00007ff8e0dd0000 - 0x00007ff8e0e29000 	C:\WINDOWS\System32\sechost.dll
0x00007ff8e0b70000 - 0x00007ff8e0c95000 	C:\WINDOWS\System32\RPCRT4.dll
0x00007ff8dea20000 - 0x00007ff8deb6a000 	C:\WINDOWS\System32\USER32.dll
0x00007ff8de2d0000 - 0x00007ff8de2ee000 	C:\WINDOWS\System32\win32u.dll
0x00007ff8e0d40000 - 0x00007ff8e0d67000 	C:\WINDOWS\System32\GDI32.dll
0x00007ff8ddfc0000 - 0x00007ff8de148000 	C:\WINDOWS\System32\gdi32full.dll
0x00007ff8dd400000 - 0x00007ff8dd49a000 	C:\WINDOWS\System32\msvcp_win.dll
0x00007ff8de340000 - 0x00007ff8de436000 	C:\WINDOWS\System32\ucrtbase.dll
0x00007ff8c3e30000 - 0x00007ff8c4097000 	C:\WINDOWS\WinSxS\amd64_microsoft.windows.common-controls_6595b64144ccf1df_6.0.15063.483_none_26002d27e7c744a2\COMCTL32.dll
0x00007ff8de5c0000 - 0x00007ff8de8b9000 	C:\WINDOWS\System32\combase.dll
0x00007ff8de260000 - 0x00007ff8de2ca000 	C:\WINDOWS\System32\bcryptPrimitives.dll
0x00007ff8e0d10000 - 0x00007ff8e0d3d000 	C:\WINDOWS\System32\IMM32.DLL
0x00000000586f0000 - 0x00000000587c2000 	C:\Program Files\Java\jdk1.8.0_131\jre\bin\msvcr100.dll
0x0000000056930000 - 0x00000000571cc000 	C:\Program Files\Java\jdk1.8.0_131\jre\bin\server\jvm.dll
0x00007ff8de8c0000 - 0x00007ff8de8c8000 	C:\WINDOWS\System32\PSAPI.DLL
0x00007ff8c9b10000 - 0x00007ff8c9b19000 	C:\WINDOWS\SYSTEM32\WSOCK32.dll
0x00007ff8e0ca0000 - 0x00007ff8e0d0c000 	C:\WINDOWS\System32\WS2_32.dll
0x00007ff8d0ca0000 - 0x00007ff8d0cc3000 	C:\WINDOWS\SYSTEM32\WINMM.dll
0x00007ff8d7e30000 - 0x00007ff8d7e3a000 	C:\WINDOWS\SYSTEM32\VERSION.dll
0x00007ff8d0b20000 - 0x00007ff8d0b4b000 	C:\WINDOWS\SYSTEM32\WINMMBASE.dll
0x00007ff8de2f0000 - 0x00007ff8de339000 	C:\WINDOWS\System32\cfgmgr32.dll
0x00000000586e0000 - 0x00000000586ef000 	C:\Program Files\Java\jdk1.8.0_131\jre\bin\verify.dll
0x00000000586b0000 - 0x00000000586d9000 	C:\Program Files\Java\jdk1.8.0_131\jre\bin\java.dll
0x0000000058690000 - 0x00000000586a6000 	C:\Program Files\Java\jdk1.8.0_131\jre\bin\zip.dll
0x00007ff8dee10000 - 0x00007ff8e0247000 	C:\WINDOWS\System32\SHELL32.dll
0x00007ff8deca0000 - 0x00007ff8ded4a000 	C:\WINDOWS\System32\shcore.dll
0x00007ff8dd670000 - 0x00007ff8ddd63000 	C:\WINDOWS\System32\windows.storage.dll
0x00007ff8e0600000 - 0x00007ff8e0651000 	C:\WINDOWS\System32\shlwapi.dll
0x00007ff8dd3c0000 - 0x00007ff8dd3d1000 	C:\WINDOWS\System32\kernel.appcore.dll
0x00007ff8dd350000 - 0x00007ff8dd39c000 	C:\WINDOWS\System32\powrprof.dll
0x00007ff8dd3a0000 - 0x00007ff8dd3b5000 	C:\WINDOWS\System32\profapi.dll
0x00007ff8c1840000 - 0x00007ff8c192f000 	C:\Program Files\Java\jdk1.8.0_131\jre\bin\msvcr120.dll
0x00007ff8c1b60000 - 0x00007ff8c1c06000 	C:\Program Files\Java\jdk1.8.0_131\jre\bin\msvcp120.dll
0x0000000058660000 - 0x0000000058682000 	C:\Program Files\Java\jdk1.8.0_131\jre\bin\prism_d3d.dll
0x00007ff8b7900000 - 0x00007ff8b7a89000 	C:\WINDOWS\system32\d3d9.dll
0x00007ff8c1950000 - 0x00007ff8c197a000 	C:\WINDOWS\SYSTEM32\dwmapi.dll
0x00007ff8dbb70000 - 0x00007ff8dbc05000 	C:\WINDOWS\system32\uxtheme.dll
0x00007ff888d20000 - 0x00007ff88e504000 	C:\WINDOWS\System32\DriverStore\FileRepository\igdlh64.inf_amd64_cfb493473e7a0798\igdumdim64.dll
0x00007ff8e0660000 - 0x00007ff8e0720000 	C:\WINDOWS\System32\OLEAUT32.dll
0x00007ff8de8d0000 - 0x00007ff8dea15000 	C:\WINDOWS\System32\ole32.dll
0x00007ff8e0720000 - 0x00007ff8e0b5b000 	C:\WINDOWS\System32\SETUPAPI.dll
0x0000000058610000 - 0x0000000058653000 	C:\Program Files\Java\jdk1.8.0_131\jre\bin\glass.dll
0x00007ff8de440000 - 0x00007ff8de548000 	C:\WINDOWS\System32\COMDLG32.dll
0x00007ff8e02f0000 - 0x00007ff8e0456000 	C:\WINDOWS\System32\MSCTF.dll

VM Arguments:
java_command: C:\Heiki\pomodoro\out\artifacts\Pomodoro_jar\Pomodoro.jar
java_class_path (initial): C:\Heiki\pomodoro\out\artifacts\Pomodoro_jar\Pomodoro.jar
Launcher Type: SUN_STANDARD

Environment Variables:
JAVA_HOME=C:\Program Files\Java\jdk1.8.0_131
CLASSPATH=.;
PATH=C:\Python36\Scripts\;C:\Python36\;C:\WINDOWS\system32;C:\WINDOWS;C:\WINDOWS\System32\Wbem;C:\WINDOWS\System32\WindowsPowerShell\v1.0\;C:\ProgramData\chocolatey\bin;C:\Program Files\Java\jdk1.8.0_131\bin;C:\Program Files\Git\cmd;C:\Program Files\nodejs\;C:\Program Files (x86)\Skype\Phone\;C:\Users\kasutaja\AppData\Local\Microsoft\WindowsApps;C:\Users\kasutaja\AppData\Roaming\npm;
USERNAME=kasutaja
OS=Windows_NT
PROCESSOR_IDENTIFIER=Intel64 Family 6 Model 158 Stepping 9, GenuineIntel



---------------  S Y S T E M  ---------------

OS: Windows 10.0 , 64 bit Build 15063 (10.0.15063.296)

CPU:total 8 (initial active 8) (4 cores per cpu, 2 threads per core) family 6 model 158 stepping 9, cmov, cx8, fxsr, mmx, sse, sse2, sse3, ssse3, sse4.1, sse4.2, popcnt, avx, avx2, aes, clmul, erms, 3dnowpref, lzcnt, ht, tsc, tscinvbit, bmi1, bmi2, adx

Memory: 4k page, physical 16609868k(2611140k free), swap 66941516k(324k free)

vm_info: Java HotSpot(TM) 64-Bit Server VM (25.131-b11) for windows-amd64 JRE (1.8.0_131-b11), built on Mar 15 2017 01:23:53 by "java_re" with MS VC++ 10.0 (VS2010)

time: Wed Aug 16 08:04:02 2017
elapsed time: 2 seconds (0d 0h 0m 2s)

