#
# There is insufficient memory for the Java Runtime Environment to continue.
# Native memory allocation (malloc) failed to allocate 175856 bytes for Chunk::new
# Possible reasons:
#   The system is out of physical RAM or swap space
#   In 32 bit mode, the process size limit was hit
# Possible solutions:
#   Reduce memory load on the system
#   Increase physical memory or swap space
#   Check if swap backing store is full
#   Use 64 bit Java on a 64 bit OS
#   Decrease Java heap size (-Xmx/-Xms)
#   Decrease number of Java threads
#   Decrease Java thread stack sizes (-Xss)
#   Set larger code cache with -XX:ReservedCodeCacheSize=
# This output file may be truncated or incomplete.
#
#  Out of Memory Error (allocation.cpp:390), pid=29172, tid=0x0000000000007340
#
# JRE version: Java(TM) SE Runtime Environment (8.0_131-b11) (build 1.8.0_131-b11)
# Java VM: Java HotSpot(TM) 64-Bit Server VM (25.131-b11 mixed mode windows-amd64 compressed oops)
# Failed to write core dump. Minidumps are not enabled by default on client versions of Windows
#

---------------  T H R E A D  ---------------

Current thread (0x000000001e97c000):  JavaThread "C2 CompilerThread0" daemon [_thread_in_native, id=29504, stack(0x000000001f140000,0x000000001f240000)]

Stack: [0x000000001f140000,0x000000001f240000]
[error occurred during error reporting (printing stack bounds), id 0xc0000005]

Native frames: (J=compiled Java code, j=interpreted, Vv=VM code, C=native code)


Current CompileTask:
C2:    772  396       4       jdk.internal.org.objectweb.asm.Item::set (143 bytes)


---------------  P R O C E S S  ---------------

Java Threads: ( => current thread )
  0x000000001f7bd800 JavaThread "JavaFX Application Thread" [_thread_in_vm, id=9000, stack(0x00000000203e0000,0x00000000204e0000)]
  0x000000001f7ab000 JavaThread "Thread-1" daemon [_thread_blocked, id=8352, stack(0x00000000202e0000,0x00000000203e0000)]
  0x000000001f797800 JavaThread "QuantumRenderer-0" daemon [_thread_blocked, id=2436, stack(0x000000001ff40000,0x0000000020040000)]
  0x000000001e9e6000 JavaThread "Service Thread" daemon [_thread_blocked, id=29588, stack(0x000000001f540000,0x000000001f640000)]
  0x000000001e9df800 JavaThread "C1 CompilerThread3" daemon [_thread_blocked, id=29564, stack(0x000000001f440000,0x000000001f540000)]
  0x000000001ca9e800 JavaThread "C2 CompilerThread2" daemon [_thread_blocked, id=29528, stack(0x000000001f340000,0x000000001f440000)]
  0x000000001ca9c000 JavaThread "C2 CompilerThread1" daemon [_thread_blocked, id=29524, stack(0x000000001f240000,0x000000001f340000)]
=>0x000000001e97c000 JavaThread "C2 CompilerThread0" daemon [_thread_in_native, id=29504, stack(0x000000001f140000,0x000000001f240000)]
  0x000000001e97a800 JavaThread "Attach Listener" daemon [_thread_blocked, id=29500, stack(0x000000001f040000,0x000000001f140000)]
  0x000000001e986000 JavaThread "Signal Dispatcher" daemon [_thread_blocked, id=29496, stack(0x000000001ef40000,0x000000001f040000)]
  0x00000000030ed800 JavaThread "Finalizer" daemon [_thread_blocked, id=29420, stack(0x000000001ed50000,0x000000001ee50000)]
  0x000000001ca8c800 JavaThread "Reference Handler" daemon [_thread_blocked, id=29416, stack(0x000000001e850000,0x000000001e950000)]
  0x0000000002ff1000 JavaThread "main" [_thread_in_vm, id=29280, stack(0x0000000002d80000,0x0000000002e80000)]

Other Threads:
  0x000000001ca88800 VMThread [stack: 0x000000001e750000,0x000000001e850000] [id=29348]
  0x000000001e9e7800 WatcherThread [stack: 0x000000001f640000,0x000000001f740000] [id=29596]

VM state:not at safepoint (normal execution)

VM Mutex/Monitor currently owned by a thread: None

Heap:
 PSYoungGen      total 75776K, used 9125K [0x000000076b800000, 0x0000000770c80000, 0x00000007c0000000)
  eden space 65024K, 14% used [0x000000076b800000,0x000000076c0e96d8,0x000000076f780000)
  from space 10752K, 0% used [0x0000000770200000,0x0000000770200000,0x0000000770c80000)
  to   space 10752K, 0% used [0x000000076f780000,0x000000076f780000,0x0000000770200000)
 ParOldGen       total 173568K, used 0K [0x00000006c2800000, 0x00000006cd180000, 0x000000076b800000)
  object space 173568K, 0% used [0x00000006c2800000,0x00000006c2800000,0x00000006cd180000)
 Metaspace       used 5760K, capacity 6190K, committed 6528K, reserved 1058816K
  class space    used 681K, capacity 796K, committed 896K, reserved 1048576K

Card table byte_map: [0x00000000124b0000,0x0000000012ca0000] byte_map_base: 0x000000000ee9c000

Marking Bits: (ParMarkBitMap*) 0x000000005714c720
 Begin Bits: [0x00000000139f0000, 0x0000000017950000)
 End Bits:   [0x0000000017950000, 0x000000001b8b0000)

Polling page: 0x00000000013c0000

CodeCache: size=245760Kb used=1873Kb max_used=1877Kb free=243886Kb
 bounds [0x00000000030f0000, 0x0000000003360000, 0x00000000120f0000]
 total_blobs=720 nmethods=401 adapters=232
 compilation: enabled

Compilation events (10 events):
Event: 0.767 Thread 0x000000001e9df800 nmethod 397 0x00000000032c1310 code [0x00000000032c14a0, 0x00000000032c16f8]
Event: 0.767 Thread 0x000000001e9df800  394       3       sun.invoke.util.Wrapper::findPrimitiveType (25 bytes)
Event: 0.768 Thread 0x000000001e9df800 nmethod 394 0x00000000032c4450 code [0x00000000032c4640, 0x00000000032c4f48]
Event: 0.768 Thread 0x000000001ca9e800 nmethod 387 0x00000000032c5490 code [0x00000000032c55e0, 0x00000000032c5af8]
Event: 0.770 Thread 0x000000001ca9c000 nmethod 399 0x00000000032bf950 code [0x00000000032bfaa0, 0x00000000032bfcb8]
Event: 0.770 Thread 0x000000001e9df800  400       3       jdk.internal.org.objectweb.asm.MethodWriter::visitLabel (281 bytes)
Event: 0.771 Thread 0x000000001e9df800 nmethod 400 0x00000000032c06d0 code [0x00000000032c0880, 0x00000000032c10a8]
Event: 0.771 Thread 0x000000001e9df800  402       3       java.lang.invoke.MethodTypeForm::canonicalizeAll (66 bytes)
Event: 0.772 Thread 0x000000001e9df800 nmethod 402 0x00000000032c3a10 code [0x00000000032c3bc0, 0x00000000032c41f8]
Event: 0.772 Thread 0x000000001e9df800  401       3       java.lang.invoke.MethodType::checkRtype (6 bytes)

GC Heap History (0 events):
No events

Deoptimization events (0 events):
No events

Internal exceptions (9 events):
Event: 0.112 Thread 0x0000000002ff1000 Exception <a 'java/lang/NoSuchMethodError': Method sun.misc.Unsafe.defineClass(Ljava/lang/String;[BII)Ljava/lang/Class; name or signature does not match> (0x000000076b807ca8) thrown at [C:\re\workspace\8-2-build-windows-amd64-cygwin\jdk8u131\8869\hotspot\
Event: 0.113 Thread 0x0000000002ff1000 Exception <a 'java/lang/NoSuchMethodError': Method sun.misc.Unsafe.prefetchRead(Ljava/lang/Object;J)V name or signature does not match> (0x000000076b807f90) thrown at [C:\re\workspace\8-2-build-windows-amd64-cygwin\jdk8u131\8869\hotspot\src\share\vm\prims
Event: 0.313 Thread 0x0000000002ff1000 Exception <a 'java/lang/NoSuchFieldError': method resolution failed> (0x000000076bad4080) thrown at [C:\re\workspace\8-2-build-windows-amd64-cygwin\jdk8u131\8869\hotspot\src\share\vm\prims\methodHandles.cpp, line 1146]
Event: 0.315 Thread 0x0000000002ff1000 Exception <a 'java/lang/NoSuchFieldError': method resolution failed> (0x000000076bae1400) thrown at [C:\re\workspace\8-2-build-windows-amd64-cygwin\jdk8u131\8869\hotspot\src\share\vm\prims\methodHandles.cpp, line 1146]
Event: 0.342 Thread 0x0000000002ff1000 Exception <a 'java/security/PrivilegedActionException'> (0x000000076bb6bf08) thrown at [C:\re\workspace\8-2-build-windows-amd64-cygwin\jdk8u131\8869\hotspot\src\share\vm\prims\jvm.cpp, line 1390]
Event: 0.342 Thread 0x0000000002ff1000 Exception <a 'java/security/PrivilegedActionException'> (0x000000076bb6c118) thrown at [C:\re\workspace\8-2-build-windows-amd64-cygwin\jdk8u131\8869\hotspot\src\share\vm\prims\jvm.cpp, line 1390]
Event: 0.343 Thread 0x0000000002ff1000 Exception <a 'java/security/PrivilegedActionException'> (0x000000076bb70028) thrown at [C:\re\workspace\8-2-build-windows-amd64-cygwin\jdk8u131\8869\hotspot\src\share\vm\prims\jvm.cpp, line 1390]
Event: 0.343 Thread 0x0000000002ff1000 Exception <a 'java/security/PrivilegedActionException'> (0x000000076bb70238) thrown at [C:\re\workspace\8-2-build-windows-amd64-cygwin\jdk8u131\8869\hotspot\src\share\vm\prims\jvm.cpp, line 1390]
Event: 0.344 Thread 0x0000000002ff1000 Exception <a 'java/lang/NullPointerException'> (0x000000076bb70810) thrown at [C:\re\workspace\8-2-build-windows-amd64-cygwin\jdk8u131\8869\hotspot\src\share\vm\interpreter\linkResolver.cpp, line 1197]

Events (10 events):
Event: 0.766 loading class javafx/collections/ListChangeBuilder$SubChange
Event: 0.766 loading class javafx/collections/ListChangeBuilder$SubChange done
Event: 0.766 Executing VM operation: CollectForMetadataAllocation
Event: 0.767 Executing VM operation: CollectForMetadataAllocation done
Event: 0.767 loading class com/sun/scenario/Settings
Event: 0.767 loading class com/sun/scenario/Settings done
Event: 0.771 loading class java/lang/NumberFormatException
Event: 0.771 loading class java/lang/NumberFormatException done
Event: 0.772 loading class javafx/util/Callback
Event: 0.772 loading class javafx/util/Callback done


Dynamic libraries:
0x00007ff7affc0000 - 0x00007ff7afff7000 	C:\Program Files\Java\jdk1.8.0_131\bin\javaw.exe
0x00007ff8e0ee0000 - 0x00007ff8e10bb000 	C:\WINDOWS\SYSTEM32\ntdll.dll
0x00007ff8debf0000 - 0x00007ff8dec9e000 	C:\WINDOWS\System32\KERNEL32.DLL
0x00007ff8ddd70000 - 0x00007ff8ddfb9000 	C:\WINDOWS\System32\KERNELBASE.dll
0x00007ff8e0e30000 - 0x00007ff8e0ed1000 	C:\WINDOWS\System32\ADVAPI32.dll
0x00007ff8ded70000 - 0x00007ff8dee0d000 	C:\WINDOWS\System32\msvcrt.dll
0x00007ff8e0dd0000 - 0x00007ff8e0e29000 	C:\WINDOWS\System32\sechost.dll
0x00007ff8e0b70000 - 0x00007ff8e0c95000 	C:\WINDOWS\System32\RPCRT4.dll
0x00007ff8dea20000 - 0x00007ff8deb6a000 	C:\WINDOWS\System32\USER32.dll
0x00007ff8de2d0000 - 0x00007ff8de2ee000 	C:\WINDOWS\System32\win32u.dll
0x00007ff8e0d40000 - 0x00007ff8e0d67000 	C:\WINDOWS\System32\GDI32.dll
0x00007ff8ddfc0000 - 0x00007ff8de148000 	C:\WINDOWS\System32\gdi32full.dll
0x00007ff8dd400000 - 0x00007ff8dd49a000 	C:\WINDOWS\System32\msvcp_win.dll
0x00007ff8de340000 - 0x00007ff8de436000 	C:\WINDOWS\System32\ucrtbase.dll
0x00007ff8c3e30000 - 0x00007ff8c4097000 	C:\WINDOWS\WinSxS\amd64_microsoft.windows.common-controls_6595b64144ccf1df_6.0.15063.483_none_26002d27e7c744a2\COMCTL32.dll
0x00007ff8de5c0000 - 0x00007ff8de8b9000 	C:\WINDOWS\System32\combase.dll
0x00007ff8de260000 - 0x00007ff8de2ca000 	C:\WINDOWS\System32\bcryptPrimitives.dll
0x00007ff8e0d10000 - 0x00007ff8e0d3d000 	C:\WINDOWS\System32\IMM32.DLL
0x00000000586f0000 - 0x00000000587c2000 	C:\Program Files\Java\jdk1.8.0_131\jre\bin\msvcr100.dll
0x0000000056930000 - 0x00000000571cc000 	C:\Program Files\Java\jdk1.8.0_131\jre\bin\server\jvm.dll
0x00007ff8de8c0000 - 0x00007ff8de8c8000 	C:\WINDOWS\System32\PSAPI.DLL
0x00007ff8c9b10000 - 0x00007ff8c9b19000 	C:\WINDOWS\SYSTEM32\WSOCK32.dll
0x00007ff8e0ca0000 - 0x00007ff8e0d0c000 	C:\WINDOWS\System32\WS2_32.dll
0x00007ff8d0ca0000 - 0x00007ff8d0cc3000 	C:\WINDOWS\SYSTEM32\WINMM.dll
0x00007ff8d7e30000 - 0x00007ff8d7e3a000 	C:\WINDOWS\SYSTEM32\VERSION.dll
0x00007ff8d0b20000 - 0x00007ff8d0b4b000 	C:\WINDOWS\SYSTEM32\WINMMBASE.dll
0x00007ff8de2f0000 - 0x00007ff8de339000 	C:\WINDOWS\System32\cfgmgr32.dll
0x00000000586e0000 - 0x00000000586ef000 	C:\Program Files\Java\jdk1.8.0_131\jre\bin\verify.dll
0x00000000586b0000 - 0x00000000586d9000 	C:\Program Files\Java\jdk1.8.0_131\jre\bin\java.dll
0x0000000058690000 - 0x00000000586a6000 	C:\Program Files\Java\jdk1.8.0_131\jre\bin\zip.dll
0x00007ff8dee10000 - 0x00007ff8e0247000 	C:\WINDOWS\System32\SHELL32.dll
0x00007ff8deca0000 - 0x00007ff8ded4a000 	C:\WINDOWS\System32\shcore.dll
0x00007ff8dd670000 - 0x00007ff8ddd63000 	C:\WINDOWS\System32\windows.storage.dll
0x00007ff8e0600000 - 0x00007ff8e0651000 	C:\WINDOWS\System32\shlwapi.dll
0x00007ff8dd3c0000 - 0x00007ff8dd3d1000 	C:\WINDOWS\System32\kernel.appcore.dll
0x00007ff8dd350000 - 0x00007ff8dd39c000 	C:\WINDOWS\System32\powrprof.dll
0x00007ff8dd3a0000 - 0x00007ff8dd3b5000 	C:\WINDOWS\System32\profapi.dll
0x00007ff8c1840000 - 0x00007ff8c192f000 	C:\Program Files\Java\jdk1.8.0_131\jre\bin\msvcr120.dll
0x00007ff8c1b60000 - 0x00007ff8c1c06000 	C:\Program Files\Java\jdk1.8.0_131\jre\bin\msvcp120.dll
0x0000000058660000 - 0x0000000058682000 	C:\Program Files\Java\jdk1.8.0_131\jre\bin\prism_d3d.dll
0x00007ff8b7900000 - 0x00007ff8b7a89000 	C:\WINDOWS\system32\d3d9.dll
0x00007ff8c1950000 - 0x00007ff8c197a000 	C:\WINDOWS\SYSTEM32\dwmapi.dll
0x00007ff8dbb70000 - 0x00007ff8dbc05000 	C:\WINDOWS\system32\uxtheme.dll
0x00007ff888d20000 - 0x00007ff88e504000 	C:\WINDOWS\System32\DriverStore\FileRepository\igdlh64.inf_amd64_cfb493473e7a0798\igdumdim64.dll
0x00007ff8e0660000 - 0x00007ff8e0720000 	C:\WINDOWS\System32\OLEAUT32.dll
0x00007ff8de8d0000 - 0x00007ff8dea15000 	C:\WINDOWS\System32\ole32.dll
0x00007ff8e0720000 - 0x00007ff8e0b5b000 	C:\WINDOWS\System32\SETUPAPI.dll
0x0000000058610000 - 0x0000000058653000 	C:\Program Files\Java\jdk1.8.0_131\jre\bin\glass.dll
0x00007ff8de440000 - 0x00007ff8de548000 	C:\WINDOWS\System32\COMDLG32.dll
0x00007ff8e02f0000 - 0x00007ff8e0456000 	C:\WINDOWS\System32\MSCTF.dll

VM Arguments:
java_command: C:\Heiki\pomodoro\out\artifacts\Pomodoro_jar\Pomodoro.jar
java_class_path (initial): C:\Heiki\pomodoro\out\artifacts\Pomodoro_jar\Pomodoro.jar
Launcher Type: SUN_STANDARD

Environment Variables:
JAVA_HOME=C:\Program Files\Java\jdk1.8.0_131
CLASSPATH=.;
PATH=C:\Python36\Scripts\;C:\Python36\;C:\WINDOWS\system32;C:\WINDOWS;C:\WINDOWS\System32\Wbem;C:\WINDOWS\System32\WindowsPowerShell\v1.0\;C:\ProgramData\chocolatey\bin;C:\Program Files\Java\jdk1.8.0_131\bin;C:\Program Files\Git\cmd;C:\Program Files\nodejs\;C:\Program Files (x86)\Skype\Phone\;C:\Users\kasutaja\AppData\Local\Microsoft\WindowsApps;C:\Users\kasutaja\AppData\Roaming\npm;
USERNAME=kasutaja
OS=Windows_NT
PROCESSOR_IDENTIFIER=Intel64 Family 6 Model 158 Stepping 9, GenuineIntel



---------------  S Y S T E M  ---------------

OS: Windows 10.0 , 64 bit Build 15063 (10.0.15063.296)

CPU:total 8 (initial active 8) (4 cores per cpu, 2 threads per core) family 6 model 158 stepping 9, cmov, cx8, fxsr, mmx, sse, sse2, sse3, ssse3, sse4.1, sse4.2, popcnt, avx, avx2, aes, clmul, erms, 3dnowpref, lzcnt, ht, tsc, tscinvbit, bmi1, bmi2, adx

Memory: 4k page, physical 16609868k(2610060k free), swap 66941516k(412k free)

vm_info: Java HotSpot(TM) 64-Bit Server VM (25.131-b11) for windows-amd64 JRE (1.8.0_131-b11), built on Mar 15 2017 01:23:53 by "java_re" with MS VC++ 10.0 (VS2010)

time: Wed Aug 16 08:04:02 2017
elapsed time: 0 seconds (0d 0h 0m 0s)

