#
# There is insufficient memory for the Java Runtime Environment to continue.
# Native memory allocation (malloc) failed to allocate 109296 bytes for Chunk::new
# Possible reasons:
#   The system is out of physical RAM or swap space
#   In 32 bit mode, the process size limit was hit
# Possible solutions:
#   Reduce memory load on the system
#   Increase physical memory or swap space
#   Check if swap backing store is full
#   Use 64 bit Java on a 64 bit OS
#   Decrease Java heap size (-Xmx/-Xms)
#   Decrease number of Java threads
#   Decrease Java thread stack sizes (-Xss)
#   Set larger code cache with -XX:ReservedCodeCacheSize=
# This output file may be truncated or incomplete.
#
#  Out of Memory Error (allocation.cpp:390), pid=26324, tid=0x000000000000678c
#
# JRE version: Java(TM) SE Runtime Environment (8.0_131-b11) (build 1.8.0_131-b11)
# Java VM: Java HotSpot(TM) 64-Bit Server VM (25.131-b11 mixed mode windows-amd64 compressed oops)
# Failed to write core dump. Minidumps are not enabled by default on client versions of Windows
#

---------------  T H R E A D  ---------------

Current thread (0x000000001e1eb000):  JavaThread "C2 CompilerThread0" daemon [_thread_in_native, id=26508, stack(0x000000001e9b0000,0x000000001eab0000)]

Stack: [0x000000001e9b0000,0x000000001eab0000]
[error occurred during error reporting (printing stack bounds), id 0xc0000005]

Native frames: (J=compiled Java code, j=interpreted, Vv=VM code, C=native code)


Current CompileTask:
C2:   4285  895       4       jdk.internal.org.objectweb.asm.ClassWriter::newUTF8 (70 bytes)


---------------  P R O C E S S  ---------------

Java Threads: ( => current thread )
  0x000000001f2aa800 JavaThread "Prism Font Disposer" daemon [_thread_blocked, id=29984, stack(0x0000000026220000,0x0000000026320000)]
  0x000000001f0b9800 JavaThread "Thread-3" daemon [_thread_in_native, id=27356, stack(0x00000000243e0000,0x00000000244e0000)]
  0x000000001f0b7000 JavaThread "JavaFX-Launcher" [_thread_blocked, id=27372, stack(0x00000000244e0000,0x00000000245e0000)]
  0x000000001f050000 JavaThread "JavaFX Application Thread" [_thread_in_vm, id=26744, stack(0x000000001fc50000,0x000000001fd50000)]
  0x000000001f033000 JavaThread "Thread-1" daemon [_thread_blocked, id=26728, stack(0x000000001fb50000,0x000000001fc50000)]
  0x000000001f00a800 JavaThread "QuantumRenderer-0" daemon [_thread_blocked, id=26664, stack(0x000000001f7b0000,0x000000001f8b0000)]
  0x000000001e255000 JavaThread "Service Thread" daemon [_thread_blocked, id=26572, stack(0x000000001edb0000,0x000000001eeb0000)]
  0x000000001e24b000 JavaThread "C1 CompilerThread3" daemon [_thread_blocked, id=26544, stack(0x000000001ecb0000,0x000000001edb0000)]
  0x000000001e249000 JavaThread "C2 CompilerThread2" daemon [_thread_in_native, id=26536, stack(0x000000001ebb0000,0x000000001ecb0000)]
  0x000000001c1fc800 JavaThread "C2 CompilerThread1" daemon [_thread_blocked, id=26532, stack(0x000000001eab0000,0x000000001ebb0000)]
=>0x000000001e1eb000 JavaThread "C2 CompilerThread0" daemon [_thread_in_native, id=26508, stack(0x000000001e9b0000,0x000000001eab0000)]
  0x000000001e1ea000 JavaThread "Attach Listener" daemon [_thread_blocked, id=26504, stack(0x000000001e8b0000,0x000000001e9b0000)]
  0x000000001e1f5800 JavaThread "Signal Dispatcher" daemon [_thread_blocked, id=26500, stack(0x000000001e7b0000,0x000000001e8b0000)]
  0x000000001e1e1800 JavaThread "Finalizer" daemon [_thread_blocked, id=26448, stack(0x000000001e5c0000,0x000000001e6c0000)]
  0x000000001c1ed000 JavaThread "Reference Handler" daemon [_thread_blocked, id=26444, stack(0x000000001e0c0000,0x000000001e1c0000)]
  0x0000000002751000 JavaThread "main" [_thread_blocked, id=26344, stack(0x0000000002650000,0x0000000002750000)]

Other Threads:
  0x000000001c1e9000 VMThread [stack: 0x000000001dfc0000,0x000000001e0c0000] [id=26400]
  0x000000001e25f000 WatcherThread [stack: 0x000000001eeb0000,0x000000001efb0000] [id=26580]

VM state:not at safepoint (normal execution)

VM Mutex/Monitor currently owned by a thread: None

Heap:
 PSYoungGen      total 75776K, used 26481K [0x000000076b800000, 0x0000000770c80000, 0x00000007c0000000)
  eden space 65024K, 40% used [0x000000076b800000,0x000000076d1dc510,0x000000076f780000)
  from space 10752K, 0% used [0x0000000770200000,0x0000000770200000,0x0000000770c80000)
  to   space 10752K, 0% used [0x000000076f780000,0x000000076f780000,0x0000000770200000)
 ParOldGen       total 173568K, used 0K [0x00000006c2800000, 0x00000006cd180000, 0x000000076b800000)
  object space 173568K, 0% used [0x00000006c2800000,0x00000006c2800000,0x00000006cd180000)
 Metaspace       used 13172K, capacity 13676K, committed 13824K, reserved 1062912K
  class space    used 1776K, capacity 1925K, committed 2048K, reserved 1048576K

Card table byte_map: [0x0000000011c10000,0x0000000012400000] byte_map_base: 0x000000000e5fc000

Marking Bits: (ParMarkBitMap*) 0x000000005714c720
 Begin Bits: [0x0000000013150000, 0x00000000170b0000)
 End Bits:   [0x00000000170b0000, 0x000000001b010000)

Polling page: 0x0000000000d60000

CodeCache: size=245760Kb used=3274Kb max_used=3274Kb free=242485Kb
 bounds [0x0000000002850000, 0x0000000002b90000, 0x0000000011850000]
 total_blobs=1380 nmethods=894 adapters=399
 compilation: enabled

Compilation events (10 events):
Event: 4.278 Thread 0x000000001e24b000  891       3       com.sun.javafx.css.StyleClassSet::getStyleClass (148 bytes)
Event: 4.280 Thread 0x000000001e24b000 nmethod 891 0x0000000002b7f510 code [0x0000000002b7f820, 0x0000000002b81288]
Event: 4.280 Thread 0x000000001e24b000  892       3       java.util.ArrayList::iterator (10 bytes)
Event: 4.280 Thread 0x000000001e24b000 nmethod 892 0x0000000002b81f90 code [0x0000000002b82100, 0x0000000002b823f0]
Event: 4.282 Thread 0x000000001e24b000  893       3       java.lang.invoke.DirectMethodHandle::preparedLambdaForm (230 bytes)
Event: 4.282 Thread 0x000000001e1eb000  895       4       jdk.internal.org.objectweb.asm.ClassWriter::newUTF8 (70 bytes)
Event: 4.283 Thread 0x000000001e24b000 nmethod 893 0x0000000002b82550 code [0x0000000002b827c0, 0x0000000002b83838]
Event: 4.283 Thread 0x000000001e24b000  894       3       java.util.Collections$UnmodifiableCollection::<init> (22 bytes)
Event: 4.283 Thread 0x000000001e24b000 nmethod 894 0x0000000002b83e50 code [0x0000000002b83fc0, 0x0000000002b84288]
Event: 4.284 Thread 0x000000001e249000  896  s    4       sun.misc.URLClassPath::getNextLoader (88 bytes)

GC Heap History (0 events):
No events

Deoptimization events (7 events):
Event: 0.896 Thread 0x000000001f050000 Uncommon trap: reason=unstable_if action=reinterpret pc=0x00000000029fc430 method=java.lang.String.replace(CC)Ljava/lang/String; @ 26
Event: 0.913 Thread 0x000000001f050000 Uncommon trap: reason=unstable_if action=reinterpret pc=0x0000000002a30e94 method=java.lang.String.indexOf([CII[CIII)I @ 134
Event: 1.228 Thread 0x000000001f050000 Uncommon trap: reason=unstable_if action=reinterpret pc=0x0000000002a137dc method=java.lang.String.startsWith(Ljava/lang/String;I)Z @ 25
Event: 1.320 Thread 0x000000001f050000 Uncommon trap: reason=unstable_if action=reinterpret pc=0x0000000002ab4ae8 method=java.io.BufferedInputStream.read()I @ 8
Event: 1.362 Thread 0x000000001f050000 Uncommon trap: reason=unstable_if action=reinterpret pc=0x0000000002a9d4fc method=java.util.HashMap.getNode(ILjava/lang/Object;)Ljava/util/HashMap$Node; @ 84
Event: 1.362 Thread 0x000000001f050000 Uncommon trap: reason=unstable_if action=reinterpret pc=0x0000000002a9f054 method=java.util.HashMap.getNode(ILjava/lang/Object;)Ljava/util/HashMap$Node; @ 84
Event: 2.037 Thread 0x000000001f050000 Uncommon trap: reason=unstable_if action=reinterpret pc=0x0000000002afe238 method=java.lang.String.indexOf([CII[CIII)I @ 3

Internal exceptions (10 events):
Event: 0.431 Thread 0x0000000002751000 Exception <a 'java/security/PrivilegedActionException'> (0x000000076bb6c118) thrown at [C:\re\workspace\8-2-build-windows-amd64-cygwin\jdk8u131\8869\hotspot\src\share\vm\prims\jvm.cpp, line 1390]
Event: 0.433 Thread 0x0000000002751000 Exception <a 'java/security/PrivilegedActionException'> (0x000000076bb70028) thrown at [C:\re\workspace\8-2-build-windows-amd64-cygwin\jdk8u131\8869\hotspot\src\share\vm\prims\jvm.cpp, line 1390]
Event: 0.433 Thread 0x0000000002751000 Exception <a 'java/security/PrivilegedActionException'> (0x000000076bb70238) thrown at [C:\re\workspace\8-2-build-windows-amd64-cygwin\jdk8u131\8869\hotspot\src\share\vm\prims\jvm.cpp, line 1390]
Event: 0.433 Thread 0x0000000002751000 Exception <a 'java/lang/NullPointerException'> (0x000000076bb70810) thrown at [C:\re\workspace\8-2-build-windows-amd64-cygwin\jdk8u131\8869\hotspot\src\share\vm\interpreter\linkResolver.cpp, line 1197]
Event: 1.076 Thread 0x000000001f050000 Exception <a 'java/lang/NullPointerException'> (0x000000076c809b70) thrown at [C:\re\workspace\8-2-build-windows-amd64-cygwin\jdk8u131\8869\hotspot\src\share\vm\interpreter\linkResolver.cpp, line 1197]
Event: 1.076 Thread 0x000000001f050000 Exception <a 'java/lang/NullPointerException'> (0x000000076c809b70) thrown at [C:\re\workspace\8-2-build-windows-amd64-cygwin\jdk8u131\8869\hotspot\src\share\vm\prims\jvm.cpp, line 1394]
Event: 1.493 Thread 0x000000001f050000 Exception <a 'java/lang/ArrayIndexOutOfBoundsException'> (0x000000076ccb6a90) thrown at [C:\re\workspace\8-2-build-windows-amd64-cygwin\jdk8u131\8869\hotspot\src\share\vm\runtime\sharedRuntime.cpp, line 605]
Event: 1.494 Thread 0x000000001f050000 Exception <a 'java/lang/ArrayIndexOutOfBoundsException'> (0x000000076ccb7790) thrown at [C:\re\workspace\8-2-build-windows-amd64-cygwin\jdk8u131\8869\hotspot\src\share\vm\runtime\sharedRuntime.cpp, line 605]
Event: 1.494 Thread 0x000000001f050000 Exception <a 'java/lang/ArrayIndexOutOfBoundsException'> (0x000000076ccb8b38) thrown at [C:\re\workspace\8-2-build-windows-amd64-cygwin\jdk8u131\8869\hotspot\src\share\vm\runtime\sharedRuntime.cpp, line 605]
Event: 1.593 Thread 0x000000001f050000 Exception <a 'java/lang/ArrayIndexOutOfBoundsException'> (0x000000076cd967f8) thrown at [C:\re\workspace\8-2-build-windows-amd64-cygwin\jdk8u131\8869\hotspot\src\share\vm\runtime\sharedRuntime.cpp, line 605]

Events (10 events):
Event: 4.283 loading class javafx/scene/Node$LazyTransformProperty
Event: 4.283 loading class javafx/scene/Node$LazyTransformProperty done
Event: 4.283 loading class javafx/scene/Node$NodeTransformation$1
Event: 4.283 loading class javafx/scene/Node$NodeTransformation$1 done
Event: 4.284 loading class javafx/scene/Node$NodeTransformation$LocalToSceneTransformProperty
Event: 4.284 loading class javafx/scene/Node$NodeTransformation$LocalToSceneTransformProperty done
Event: 4.284 loading class javafx/scene/Node$NodeTransformation$9
Event: 4.284 loading class javafx/scene/Node$NodeTransformation$9 done
Event: 4.284 loading class javafx/scene/Node$NodeTransformation$2
Event: 4.284 loading class javafx/scene/Node$NodeTransformation$2 done


Dynamic libraries:
0x00007ff7affc0000 - 0x00007ff7afff7000 	C:\Program Files\Java\jdk1.8.0_131\bin\javaw.exe
0x00007ff8e0ee0000 - 0x00007ff8e10bb000 	C:\WINDOWS\SYSTEM32\ntdll.dll
0x00007ff8debf0000 - 0x00007ff8dec9e000 	C:\WINDOWS\System32\KERNEL32.DLL
0x00007ff8ddd70000 - 0x00007ff8ddfb9000 	C:\WINDOWS\System32\KERNELBASE.dll
0x00007ff8e0e30000 - 0x00007ff8e0ed1000 	C:\WINDOWS\System32\ADVAPI32.dll
0x00007ff8ded70000 - 0x00007ff8dee0d000 	C:\WINDOWS\System32\msvcrt.dll
0x00007ff8e0dd0000 - 0x00007ff8e0e29000 	C:\WINDOWS\System32\sechost.dll
0x00007ff8e0b70000 - 0x00007ff8e0c95000 	C:\WINDOWS\System32\RPCRT4.dll
0x00007ff8dea20000 - 0x00007ff8deb6a000 	C:\WINDOWS\System32\USER32.dll
0x00007ff8de2d0000 - 0x00007ff8de2ee000 	C:\WINDOWS\System32\win32u.dll
0x00007ff8e0d40000 - 0x00007ff8e0d67000 	C:\WINDOWS\System32\GDI32.dll
0x00007ff8ddfc0000 - 0x00007ff8de148000 	C:\WINDOWS\System32\gdi32full.dll
0x00007ff8dd400000 - 0x00007ff8dd49a000 	C:\WINDOWS\System32\msvcp_win.dll
0x00007ff8de340000 - 0x00007ff8de436000 	C:\WINDOWS\System32\ucrtbase.dll
0x00007ff8c3e30000 - 0x00007ff8c4097000 	C:\WINDOWS\WinSxS\amd64_microsoft.windows.common-controls_6595b64144ccf1df_6.0.15063.483_none_26002d27e7c744a2\COMCTL32.dll
0x00007ff8de5c0000 - 0x00007ff8de8b9000 	C:\WINDOWS\System32\combase.dll
0x00007ff8de260000 - 0x00007ff8de2ca000 	C:\WINDOWS\System32\bcryptPrimitives.dll
0x00007ff8e0d10000 - 0x00007ff8e0d3d000 	C:\WINDOWS\System32\IMM32.DLL
0x00000000586f0000 - 0x00000000587c2000 	C:\Program Files\Java\jdk1.8.0_131\jre\bin\msvcr100.dll
0x0000000056930000 - 0x00000000571cc000 	C:\Program Files\Java\jdk1.8.0_131\jre\bin\server\jvm.dll
0x00007ff8de8c0000 - 0x00007ff8de8c8000 	C:\WINDOWS\System32\PSAPI.DLL
0x00007ff8c9b10000 - 0x00007ff8c9b19000 	C:\WINDOWS\SYSTEM32\WSOCK32.dll
0x00007ff8e0ca0000 - 0x00007ff8e0d0c000 	C:\WINDOWS\System32\WS2_32.dll
0x00007ff8d0ca0000 - 0x00007ff8d0cc3000 	C:\WINDOWS\SYSTEM32\WINMM.dll
0x00007ff8d7e30000 - 0x00007ff8d7e3a000 	C:\WINDOWS\SYSTEM32\VERSION.dll
0x00007ff8d0b20000 - 0x00007ff8d0b4b000 	C:\WINDOWS\SYSTEM32\WINMMBASE.dll
0x00007ff8de2f0000 - 0x00007ff8de339000 	C:\WINDOWS\System32\cfgmgr32.dll
0x00000000586e0000 - 0x00000000586ef000 	C:\Program Files\Java\jdk1.8.0_131\jre\bin\verify.dll
0x00000000586b0000 - 0x00000000586d9000 	C:\Program Files\Java\jdk1.8.0_131\jre\bin\java.dll
0x0000000058690000 - 0x00000000586a6000 	C:\Program Files\Java\jdk1.8.0_131\jre\bin\zip.dll
0x00007ff8dee10000 - 0x00007ff8e0247000 	C:\WINDOWS\System32\SHELL32.dll
0x00007ff8deca0000 - 0x00007ff8ded4a000 	C:\WINDOWS\System32\shcore.dll
0x00007ff8dd670000 - 0x00007ff8ddd63000 	C:\WINDOWS\System32\windows.storage.dll
0x00007ff8e0600000 - 0x00007ff8e0651000 	C:\WINDOWS\System32\shlwapi.dll
0x00007ff8dd3c0000 - 0x00007ff8dd3d1000 	C:\WINDOWS\System32\kernel.appcore.dll
0x00007ff8dd350000 - 0x00007ff8dd39c000 	C:\WINDOWS\System32\powrprof.dll
0x00007ff8dd3a0000 - 0x00007ff8dd3b5000 	C:\WINDOWS\System32\profapi.dll
0x00007ff8c1840000 - 0x00007ff8c192f000 	C:\Program Files\Java\jdk1.8.0_131\jre\bin\msvcr120.dll
0x00007ff8c1b60000 - 0x00007ff8c1c06000 	C:\Program Files\Java\jdk1.8.0_131\jre\bin\msvcp120.dll
0x0000000058660000 - 0x0000000058682000 	C:\Program Files\Java\jdk1.8.0_131\jre\bin\prism_d3d.dll
0x00007ff8b7900000 - 0x00007ff8b7a89000 	C:\WINDOWS\system32\d3d9.dll
0x00007ff8c1950000 - 0x00007ff8c197a000 	C:\WINDOWS\SYSTEM32\dwmapi.dll
0x00007ff8dbb70000 - 0x00007ff8dbc05000 	C:\WINDOWS\system32\uxtheme.dll
0x00007ff888d20000 - 0x00007ff88e504000 	C:\WINDOWS\System32\DriverStore\FileRepository\igdlh64.inf_amd64_cfb493473e7a0798\igdumdim64.dll
0x00007ff8e0660000 - 0x00007ff8e0720000 	C:\WINDOWS\System32\OLEAUT32.dll
0x00007ff8de8d0000 - 0x00007ff8dea15000 	C:\WINDOWS\System32\ole32.dll
0x00007ff8e0720000 - 0x00007ff8e0b5b000 	C:\WINDOWS\System32\SETUPAPI.dll
0x0000000058610000 - 0x0000000058653000 	C:\Program Files\Java\jdk1.8.0_131\jre\bin\glass.dll
0x00007ff8de440000 - 0x00007ff8de548000 	C:\WINDOWS\System32\COMDLG32.dll
0x00007ff8e02f0000 - 0x00007ff8e0456000 	C:\WINDOWS\System32\MSCTF.dll
0x00007ff8bd090000 - 0x00007ff8be1ed000 	C:\WINDOWS\System32\DriverStore\FileRepository\igdlh64.inf_amd64_cfb493473e7a0798\igc64.dll
0x00000000585f0000 - 0x0000000058604000 	C:\Program Files\Java\jdk1.8.0_131\jre\bin\javafx_font.dll
0x00007ff8bcac0000 - 0x00007ff8bcd7f000 	C:\WINDOWS\SYSTEM32\dwrite.dll
0x00007ff8dcda0000 - 0x00007ff8dcdb7000 	C:\WINDOWS\SYSTEM32\CRYPTSP.dll
0x00007ff8dc820000 - 0x00007ff8dc854000 	C:\WINDOWS\system32\rsaenh.dll
0x00007ff8dd220000 - 0x00007ff8dd245000 	C:\WINDOWS\SYSTEM32\bcrypt.dll
0x00007ff8dd280000 - 0x00007ff8dd2a9000 	C:\WINDOWS\SYSTEM32\USERENV.dll
0x00007ff8dcdc0000 - 0x00007ff8dcdcb000 	C:\WINDOWS\SYSTEM32\CRYPTBASE.dll
0x00000000585d0000 - 0x00000000585ea000 	C:\Program Files\Java\jdk1.8.0_131\jre\bin\net.dll
0x00007ff8dcc00000 - 0x00007ff8dcc5c000 	C:\WINDOWS\system32\mswsock.dll
0x00007ff8dc9a0000 - 0x00007ff8dc9d7000 	C:\WINDOWS\SYSTEM32\IPHLPAPI.DLL
0x00007ff8e0b60000 - 0x00007ff8e0b68000 	C:\WINDOWS\System32\NSI.dll
0x00007ff8d5890000 - 0x00007ff8d58a6000 	C:\WINDOWS\SYSTEM32\dhcpcsvc6.DLL
0x00007ff8d5ad0000 - 0x00007ff8d5aea000 	C:\WINDOWS\SYSTEM32\dhcpcsvc.DLL
0x00000000585b0000 - 0x00000000585c1000 	C:\Program Files\Java\jdk1.8.0_131\jre\bin\nio.dll

VM Arguments:
java_command: C:\Heiki\pomodoro\out\artifacts\Pomodoro_jar\Pomodoro.jar
java_class_path (initial): C:\Heiki\pomodoro\out\artifacts\Pomodoro_jar\Pomodoro.jar
Launcher Type: SUN_STANDARD

Environment Variables:
JAVA_HOME=C:\Program Files\Java\jdk1.8.0_131
CLASSPATH=.;
PATH=C:\Python36\Scripts\;C:\Python36\;C:\WINDOWS\system32;C:\WINDOWS;C:\WINDOWS\System32\Wbem;C:\WINDOWS\System32\WindowsPowerShell\v1.0\;C:\ProgramData\chocolatey\bin;C:\Program Files\Java\jdk1.8.0_131\bin;C:\Program Files\Git\cmd;C:\Program Files\nodejs\;C:\Program Files (x86)\Skype\Phone\;C:\Users\kasutaja\AppData\Local\Microsoft\WindowsApps;C:\Users\kasutaja\AppData\Roaming\npm;
USERNAME=kasutaja
OS=Windows_NT
PROCESSOR_IDENTIFIER=Intel64 Family 6 Model 158 Stepping 9, GenuineIntel



---------------  S Y S T E M  ---------------

OS: Windows 10.0 , 64 bit Build 15063 (10.0.15063.296)

CPU:total 8 (initial active 8) (4 cores per cpu, 2 threads per core) family 6 model 158 stepping 9, cmov, cx8, fxsr, mmx, sse, sse2, sse3, ssse3, sse4.1, sse4.2, popcnt, avx, avx2, aes, clmul, erms, 3dnowpref, lzcnt, ht, tsc, tscinvbit, bmi1, bmi2, adx

Memory: 4k page, physical 16609868k(2609324k free), swap 66941516k(160964k free)

vm_info: Java HotSpot(TM) 64-Bit Server VM (25.131-b11) for windows-amd64 JRE (1.8.0_131-b11), built on Mar 15 2017 01:23:53 by "java_re" with MS VC++ 10.0 (VS2010)

time: Wed Aug 16 08:04:02 2017
elapsed time: 4 seconds (0d 0h 0m 4s)

