#
# A fatal error has been detected by the Java Runtime Environment:
#
#  EXCEPTION_ACCESS_VIOLATION (0xc0000005) at pc=0x0000000056b44147, pid=28752, tid=0x00000000000074b8
#
# JRE version: Java(TM) SE Runtime Environment (8.0_131-b11) (build 1.8.0_131-b11)
# Java VM: Java HotSpot(TM) 64-Bit Server VM (25.131-b11 mixed mode windows-amd64 compressed oops)
# Problematic frame:
# V  [jvm.dll+0x214147]
#
# Failed to write core dump. Minidumps are not enabled by default on client versions of Windows
#
# If you would like to submit a bug report, please visit:
#   http://bugreport.java.com/bugreport/crash.jsp
#

---------------  T H R E A D  ---------------

Current thread (0x000000001f421000):  JavaThread "Glass/Prism Shutdown Hook" [_thread_in_vm, id=29880, stack(0x0000000020310000,0x0000000020410000)]

siginfo: ExceptionCode=0xc0000005, writing address 0x0000000020409390

Registers:
RAX=0x0000000020409390, RBX=0x0000000000000007, RCX=0x0000000000006000, RDX=0x0000000000000006
RSP=0x000000002040f390, RBP=0x0000000000000000, RSI=0x000000002040f390, RDI=0x0000000000000007
R8 =0x0000000000000006, R9 =0x000000001f427800, R10=0x000000001c14e518, R11=0x000000002031a148
R12=0x000000001f427800, R13=0x000000001f421000, R14=0x000000002040f458, R15=0x000000001c14e518
RIP=0x0000000056b44147, EFLAGS=0x0000000000010206

Top of Stack: (sp=0x000000002040f390)
0x000000002040f390:   00007ff800000001 0000000000000000
0x000000002040f3a0:   000000001f421000 000000001f427800
0x000000002040f3b0:   00000000ffffffff 0000000056b45077
0x000000002040f3c0:   000000002040f4c0 000000001c14e518
0x000000002040f3d0:   000000001f421000 00000000569f0a83
0x000000002040f3e0:   000000002040f420 000000001f421000
0x000000002040f3f0:   000000002040f4b0 000000001f421000
0x000000002040f400:   000000001c14e518 000000001f421000
0x000000002040f410:   0000000002c53200 000000001f421000
0x000000002040f420:   000000001c14e518 000000001f421000
0x000000002040f430:   000000001bd1d4c0 000000001f421000
0x000000002040f440:   0000000000000001 000000001c14e518
0x000000002040f450:   000000001f421000 000000001f3c3c20
0x000000002040f460:   000000001f421000 00000000569f212d
0x000000002040f470:   000000002040f778 00000007c00069a0
0x000000002040f480:   00000007c0085f48 ffffffffffffffff 

Instructions: (pc=0x0000000056b44147)
0x0000000056b44127:   48 89 6c 24 30 33 ed 66 90 e8 cb 3a 08 00 ff c3
0x0000000056b44137:   48 63 c8 48 8b c6 48 0f af cf 48 ff c7 48 2b c1
0x0000000056b44147:   89 28 48 63 c3 48 3b 05 85 25 59 00 7e db 48 8b
0x0000000056b44157:   6c 24 30 48 8b 5c 24 38 48 8b 74 24 40 48 83 c4 


Register to memory mapping:

RAX=0x0000000020409390 is pointing into the stack for thread: 0x000000001f421000
RBX=0x0000000000000007 is an unknown value
RCX=0x0000000000006000 is an unknown value
RDX=0x0000000000000006 is an unknown value
RSP=0x000000002040f390 is pointing into the stack for thread: 0x000000001f421000
RBP=0x0000000000000000 is an unknown value
RSI=0x000000002040f390 is pointing into the stack for thread: 0x000000001f421000
RDI=0x0000000000000007 is an unknown value
R8 =0x0000000000000006 is an unknown value
R9 =0x000000001f427800 is an unknown value
R10={method} {0x000000001c14e520} 'run' '()V' in 'com/sun/javafx/tk/quantum/QuantumToolkit$1'
R11=0x000000002031a148 is pointing into the stack for thread: 0x000000001f421000
R12=0x000000001f427800 is an unknown value
R13=0x000000001f421000 is a thread
R14=0x000000002040f458 is pointing into the stack for thread: 0x000000001f421000
R15={method} {0x000000001c14e520} 'run' '()V' in 'com/sun/javafx/tk/quantum/QuantumToolkit$1'


Stack: [0x0000000020310000,0x0000000020410000],  sp=0x000000002040f390,  free space=1020k
Native frames: (J=compiled Java code, j=interpreted, Vv=VM code, C=native code)


---------------  P R O C E S S  ---------------

Java Threads: ( => current thread )
=>0x000000001f421000 JavaThread "Glass/Prism Shutdown Hook" [_thread_in_vm, id=29880, stack(0x0000000020310000,0x0000000020410000)]
  0x0000000002b41000 JavaThread "DestroyJavaVM" [_thread_blocked, id=28816, stack(0x00000000029a0000,0x0000000002aa0000)]
  0x000000001f406000 JavaThread "QuantumRenderer-0" daemon [_thread_blocked, id=9008, stack(0x000000001fba0000,0x000000001fca0000)]
  0x000000001e643800 JavaThread "Service Thread" daemon [_thread_blocked, id=29128, stack(0x000000001f1a0000,0x000000001f2a0000)]
  0x000000001e63d000 JavaThread "C1 CompilerThread3" daemon [_thread_blocked, id=29104, stack(0x000000001f0a0000,0x000000001f1a0000)]
  0x000000001e63b000 JavaThread "C2 CompilerThread2" daemon [_thread_blocked, id=29100, stack(0x000000001efa0000,0x000000001f0a0000)]
  0x000000001e637000 JavaThread "C2 CompilerThread1" daemon [_thread_blocked, id=29032, stack(0x000000001eea0000,0x000000001efa0000)]
  0x000000001e5de800 JavaThread "C2 CompilerThread0" daemon [_thread_blocked, id=29004, stack(0x000000001eda0000,0x000000001eea0000)]
  0x000000001e5dd000 JavaThread "Attach Listener" daemon [_thread_blocked, id=29000, stack(0x000000001eca0000,0x000000001eda0000)]
  0x000000001e5dc000 JavaThread "Signal Dispatcher" daemon [_thread_blocked, id=28996, stack(0x000000001eba0000,0x000000001eca0000)]
  0x000000001e5d0800 JavaThread "Finalizer" daemon [_thread_blocked, id=28956, stack(0x000000001e9b0000,0x000000001eab0000)]
  0x000000001c6dd000 JavaThread "Reference Handler" daemon [_thread_blocked, id=28952, stack(0x000000001e4b0000,0x000000001e5b0000)]

Other Threads:
  0x000000001c6d9000 VMThread [stack: 0x000000001e3b0000,0x000000001e4b0000] [id=28928]
  0x000000001e645800 WatcherThread [stack: 0x000000001f2a0000,0x000000001f3a0000] [id=29152]

VM state:not at safepoint (normal execution)

VM Mutex/Monitor currently owned by a thread: None

Heap:
 PSYoungGen      total 75776K, used 9126K [0x000000076b800000, 0x0000000770c80000, 0x00000007c0000000)
  eden space 65024K, 14% used [0x000000076b800000,0x000000076c0e9818,0x000000076f780000)
  from space 10752K, 0% used [0x0000000770200000,0x0000000770200000,0x0000000770c80000)
  to   space 10752K, 0% used [0x000000076f780000,0x000000076f780000,0x0000000770200000)
 ParOldGen       total 173568K, used 0K [0x00000006c2800000, 0x00000006cd180000, 0x000000076b800000)
  object space 173568K, 0% used [0x00000006c2800000,0x00000006c2800000,0x00000006cd180000)
 Metaspace       used 5443K, capacity 5790K, committed 5888K, reserved 1056768K
  class space    used 621K, capacity 708K, committed 768K, reserved 1048576K

Card table byte_map: [0x0000000012100000,0x00000000128f0000] byte_map_base: 0x000000000eaec000

Marking Bits: (ParMarkBitMap*) 0x000000005714c720
 Begin Bits: [0x0000000013640000, 0x00000000175a0000)
 End Bits:   [0x00000000175a0000, 0x000000001b500000)

Polling page: 0x0000000001010000

CodeCache: size=245760Kb used=1798Kb max_used=1803Kb free=243961Kb
 bounds [0x0000000002c40000, 0x0000000002eb0000, 0x0000000011c40000]
 total_blobs=669 nmethods=361 adapters=221
 compilation: enabled

Compilation events (10 events):
Event: 1.422 Thread 0x000000001e63d000  357       1       java.nio.Buffer::limit (5 bytes)
Event: 1.422 Thread 0x000000001e63d000 nmethod 357 0x0000000002e02650 code [0x0000000002e027a0, 0x0000000002e028b0]
Event: 1.424 Thread 0x000000001e63d000  358       3       sun.nio.cs.SingleByte$Decoder::decode (63 bytes)
Event: 1.424 Thread 0x000000001e63d000 nmethod 358 0x0000000002e01dd0 code [0x0000000002e01f60, 0x0000000002e02370]
Event: 1.424 Thread 0x000000001e63d000  359       3       java.nio.Buffer::position (43 bytes)
Event: 1.424 Thread 0x000000001e63d000 nmethod 359 0x0000000002e018d0 code [0x0000000002e01a40, 0x0000000002e01d08]
Event: 1.424 Thread 0x000000001e63d000  360       3       java.nio.ByteBuffer::arrayOffset (35 bytes)
Event: 1.424 Thread 0x000000001e63d000 nmethod 360 0x0000000002e012d0 code [0x0000000002e01460, 0x0000000002e01778]
Event: 1.424 Thread 0x000000001e63d000  361       1       java.lang.StringCoding$StringDecoder::requestedCharsetName (5 bytes)
Event: 1.424 Thread 0x000000001e63d000 nmethod 361 0x0000000002e01010 code [0x0000000002e01160, 0x0000000002e01270]

GC Heap History (0 events):
No events

Deoptimization events (0 events):
No events

Internal exceptions (10 events):
Event: 1.424 Thread 0x0000000002b41000 Exception <a 'java/io/IOException'> (0x000000076bedade8) thrown at [C:\re\workspace\8-2-build-windows-amd64-cygwin\jdk8u131\8869\hotspot\src\share\vm\prims\jni.cpp, line 709]
Event: 1.424 Thread 0x0000000002b41000 Exception <a 'java/io/IOException'> (0x000000076bedb4e0) thrown at [C:\re\workspace\8-2-build-windows-amd64-cygwin\jdk8u131\8869\hotspot\src\share\vm\prims\jni.cpp, line 709]
Event: 1.424 Thread 0x0000000002b41000 Exception <a 'java/io/IOException'> (0x000000076bedb798) thrown at [C:\re\workspace\8-2-build-windows-amd64-cygwin\jdk8u131\8869\hotspot\src\share\vm\prims\jni.cpp, line 709]
Event: 1.424 Thread 0x0000000002b41000 Exception <a 'java/io/IOException'> (0x000000076bedba20) thrown at [C:\re\workspace\8-2-build-windows-amd64-cygwin\jdk8u131\8869\hotspot\src\share\vm\prims\jni.cpp, line 709]
Event: 1.424 Thread 0x0000000002b41000 Exception <a 'java/io/IOException'> (0x000000076bedc1b8) thrown at [C:\re\workspace\8-2-build-windows-amd64-cygwin\jdk8u131\8869\hotspot\src\share\vm\prims\jni.cpp, line 709]
Event: 1.424 Thread 0x0000000002b41000 Exception <a 'java/io/IOException'> (0x000000076bedc470) thrown at [C:\re\workspace\8-2-build-windows-amd64-cygwin\jdk8u131\8869\hotspot\src\share\vm\prims\jni.cpp, line 709]
Event: 1.424 Thread 0x0000000002b41000 Exception <a 'java/io/IOException'> (0x000000076bedc6f8) thrown at [C:\re\workspace\8-2-build-windows-amd64-cygwin\jdk8u131\8869\hotspot\src\share\vm\prims\jni.cpp, line 709]
Event: 1.424 Thread 0x0000000002b41000 Exception <a 'java/io/IOException'> (0x000000076bedca38) thrown at [C:\re\workspace\8-2-build-windows-amd64-cygwin\jdk8u131\8869\hotspot\src\share\vm\prims\jni.cpp, line 709]
Event: 1.424 Thread 0x0000000002b41000 Exception <a 'java/io/IOException'> (0x000000076bedccf0) thrown at [C:\re\workspace\8-2-build-windows-amd64-cygwin\jdk8u131\8869\hotspot\src\share\vm\prims\jni.cpp, line 709]
Event: 1.424 Thread 0x0000000002b41000 Exception <a 'java/io/IOException'> (0x000000076bedcf78) thrown at [C:\re\workspace\8-2-build-windows-amd64-cygwin\jdk8u131\8869\hotspot\src\share\vm\prims\jni.cpp, line 709]

Events (10 events):
Event: 1.421 loading class java/lang/Throwable$WrappedPrintStream done
Event: 1.421 loading class java/util/IdentityHashMap$KeySet
Event: 1.421 loading class java/util/IdentityHashMap$KeySet done
Event: 1.424 Thread 0x0000000002b41000 Thread exited: 0x0000000002b41000
Event: 1.424 Thread 0x0000000002b41000 Thread added: 0x0000000002b41000
Event: 1.424 loading class java/util/IdentityHashMap$KeyIterator
Event: 1.425 loading class java/util/IdentityHashMap$IdentityHashMapIterator
Event: 1.425 loading class java/util/IdentityHashMap$IdentityHashMapIterator done
Event: 1.425 loading class java/util/IdentityHashMap$KeyIterator done
Event: 1.425 Thread 0x000000001f421000 Thread added: 0x000000001f421000


Dynamic libraries:
0x00007ff7affc0000 - 0x00007ff7afff7000 	C:\Program Files\Java\jdk1.8.0_131\bin\javaw.exe
0x00007ff8e0ee0000 - 0x00007ff8e10bb000 	C:\WINDOWS\SYSTEM32\ntdll.dll
0x00007ff8debf0000 - 0x00007ff8dec9e000 	C:\WINDOWS\System32\KERNEL32.DLL
0x00007ff8ddd70000 - 0x00007ff8ddfb9000 	C:\WINDOWS\System32\KERNELBASE.dll
0x00007ff8e0e30000 - 0x00007ff8e0ed1000 	C:\WINDOWS\System32\ADVAPI32.dll
0x00007ff8ded70000 - 0x00007ff8dee0d000 	C:\WINDOWS\System32\msvcrt.dll
0x00007ff8e0dd0000 - 0x00007ff8e0e29000 	C:\WINDOWS\System32\sechost.dll
0x00007ff8e0b70000 - 0x00007ff8e0c95000 	C:\WINDOWS\System32\RPCRT4.dll
0x00007ff8dea20000 - 0x00007ff8deb6a000 	C:\WINDOWS\System32\USER32.dll
0x00007ff8de2d0000 - 0x00007ff8de2ee000 	C:\WINDOWS\System32\win32u.dll
0x00007ff8e0d40000 - 0x00007ff8e0d67000 	C:\WINDOWS\System32\GDI32.dll
0x00007ff8ddfc0000 - 0x00007ff8de148000 	C:\WINDOWS\System32\gdi32full.dll
0x00007ff8dd400000 - 0x00007ff8dd49a000 	C:\WINDOWS\System32\msvcp_win.dll
0x00007ff8de340000 - 0x00007ff8de436000 	C:\WINDOWS\System32\ucrtbase.dll
0x00007ff8c3e30000 - 0x00007ff8c4097000 	C:\WINDOWS\WinSxS\amd64_microsoft.windows.common-controls_6595b64144ccf1df_6.0.15063.483_none_26002d27e7c744a2\COMCTL32.dll
0x00007ff8de5c0000 - 0x00007ff8de8b9000 	C:\WINDOWS\System32\combase.dll
0x00007ff8de260000 - 0x00007ff8de2ca000 	C:\WINDOWS\System32\bcryptPrimitives.dll
0x00007ff8e0d10000 - 0x00007ff8e0d3d000 	C:\WINDOWS\System32\IMM32.DLL
0x00000000586f0000 - 0x00000000587c2000 	C:\Program Files\Java\jdk1.8.0_131\jre\bin\msvcr100.dll
0x0000000056930000 - 0x00000000571cc000 	C:\Program Files\Java\jdk1.8.0_131\jre\bin\server\jvm.dll
0x00007ff8de8c0000 - 0x00007ff8de8c8000 	C:\WINDOWS\System32\PSAPI.DLL
0x00007ff8c9b10000 - 0x00007ff8c9b19000 	C:\WINDOWS\SYSTEM32\WSOCK32.dll
0x00007ff8e0ca0000 - 0x00007ff8e0d0c000 	C:\WINDOWS\System32\WS2_32.dll
0x00007ff8d0ca0000 - 0x00007ff8d0cc3000 	C:\WINDOWS\SYSTEM32\WINMM.dll
0x00007ff8d7e30000 - 0x00007ff8d7e3a000 	C:\WINDOWS\SYSTEM32\VERSION.dll
0x00007ff8d0b20000 - 0x00007ff8d0b4b000 	C:\WINDOWS\SYSTEM32\WINMMBASE.dll
0x00007ff8de2f0000 - 0x00007ff8de339000 	C:\WINDOWS\System32\cfgmgr32.dll
0x00000000586e0000 - 0x00000000586ef000 	C:\Program Files\Java\jdk1.8.0_131\jre\bin\verify.dll
0x00000000586b0000 - 0x00000000586d9000 	C:\Program Files\Java\jdk1.8.0_131\jre\bin\java.dll
0x0000000058690000 - 0x00000000586a6000 	C:\Program Files\Java\jdk1.8.0_131\jre\bin\zip.dll
0x00007ff8dee10000 - 0x00007ff8e0247000 	C:\WINDOWS\System32\SHELL32.dll
0x00007ff8deca0000 - 0x00007ff8ded4a000 	C:\WINDOWS\System32\shcore.dll
0x00007ff8dd670000 - 0x00007ff8ddd63000 	C:\WINDOWS\System32\windows.storage.dll
0x00007ff8e0600000 - 0x00007ff8e0651000 	C:\WINDOWS\System32\shlwapi.dll
0x00007ff8dd3c0000 - 0x00007ff8dd3d1000 	C:\WINDOWS\System32\kernel.appcore.dll
0x00007ff8dd350000 - 0x00007ff8dd39c000 	C:\WINDOWS\System32\powrprof.dll
0x00007ff8dd3a0000 - 0x00007ff8dd3b5000 	C:\WINDOWS\System32\profapi.dll
0x00007ff8c1840000 - 0x00007ff8c192f000 	C:\Program Files\Java\jdk1.8.0_131\jre\bin\msvcr120.dll
0x00007ff8c1b60000 - 0x00007ff8c1c06000 	C:\Program Files\Java\jdk1.8.0_131\jre\bin\msvcp120.dll
0x0000000058660000 - 0x0000000058682000 	C:\Program Files\Java\jdk1.8.0_131\jre\bin\prism_d3d.dll
0x00007ff8b7900000 - 0x00007ff8b7a89000 	C:\WINDOWS\system32\d3d9.dll
0x00007ff8c1950000 - 0x00007ff8c197a000 	C:\WINDOWS\SYSTEM32\dwmapi.dll
0x00007ff8dbb70000 - 0x00007ff8dbc05000 	C:\WINDOWS\system32\uxtheme.dll
0x00000000575a0000 - 0x00000000575bc000 	C:\Program Files\Java\jdk1.8.0_131\jre\bin\prism_sw.dll
0x0000000058610000 - 0x0000000058653000 	C:\Program Files\Java\jdk1.8.0_131\jre\bin\glass.dll
0x00007ff8de440000 - 0x00007ff8de548000 	C:\WINDOWS\System32\COMDLG32.dll
0x00007ff8de8d0000 - 0x00007ff8dea15000 	C:\WINDOWS\System32\ole32.dll
0x00007ff8e0660000 - 0x00007ff8e0720000 	C:\WINDOWS\System32\OLEAUT32.dll

VM Arguments:
java_command: C:\Heiki\pomodoro\out\artifacts\Pomodoro_jar\Pomodoro.jar
java_class_path (initial): C:\Heiki\pomodoro\out\artifacts\Pomodoro_jar\Pomodoro.jar
Launcher Type: SUN_STANDARD

Environment Variables:
JAVA_HOME=C:\Program Files\Java\jdk1.8.0_131
CLASSPATH=.;
PATH=C:\Python36\Scripts\;C:\Python36\;C:\WINDOWS\system32;C:\WINDOWS;C:\WINDOWS\System32\Wbem;C:\WINDOWS\System32\WindowsPowerShell\v1.0\;C:\ProgramData\chocolatey\bin;C:\Program Files\Java\jdk1.8.0_131\bin;C:\Program Files\Git\cmd;C:\Program Files\nodejs\;C:\Program Files (x86)\Skype\Phone\;C:\Users\kasutaja\AppData\Local\Microsoft\WindowsApps;C:\Users\kasutaja\AppData\Roaming\npm;
USERNAME=kasutaja
OS=Windows_NT
PROCESSOR_IDENTIFIER=Intel64 Family 6 Model 158 Stepping 9, GenuineIntel



---------------  S Y S T E M  ---------------

OS: Windows 10.0 , 64 bit Build 15063 (10.0.15063.296)

CPU:total 8 (initial active 8) (4 cores per cpu, 2 threads per core) family 6 model 158 stepping 9, cmov, cx8, fxsr, mmx, sse, sse2, sse3, ssse3, sse4.1, sse4.2, popcnt, avx, avx2, aes, clmul, erms, 3dnowpref, lzcnt, ht, tsc, tscinvbit, bmi1, bmi2, adx

Memory: 4k page, physical 16609868k(2612492k free), swap 66941516k(508k free)

vm_info: Java HotSpot(TM) 64-Bit Server VM (25.131-b11) for windows-amd64 JRE (1.8.0_131-b11), built on Mar 15 2017 01:23:53 by "java_re" with MS VC++ 10.0 (VS2010)

time: Wed Aug 16 08:04:02 2017
elapsed time: 1 seconds (0d 0h 0m 1s)

